Build started 2.12.2012 г. 17:19:58 ч..
     1>Project "E:\CECI\Blackflame\Season Two\Games\Cupcake\SmallPhysics\SmallPhysics.vcxproj" on node 3 (rebuild target(s)).
     1>_PrepareForClean:
         Deleting file "Release\SmallPhysics.lastbuildstate".
       InitializeBuildStatus:
         Creating "Release\SmallPhysics.unsuccessfulbuild" because "AlwaysCreate" was specified.
       ClCompile:
         C:\Program Files (x86)\Microsoft Visual Studio 10.0\VC\bin\CL.exe /c /Zi /nologo /W3 /WX- /O2 /Oi /Oy- /GL /D WIN32 /D NDEBUG /D _LIB /D _UNICODE /D UNICODE /Gm- /EHsc /MD /GS /Gy /fp:precise /Zc:wchar_t /Zc:forScope /Yc"StdAfx.h" /Fp"Release\SmallPhysics.pch" /Fo"Release\\" /Fd"Release\vc100.pdb" /Gd /TP /analyze- /errorReport:prompt stdafx.cpp
         stdafx.cpp
         C:\Program Files (x86)\Microsoft Visual Studio 10.0\VC\bin\CL.exe /c /Zi /nologo /W3 /WX- /O2 /Oi /Oy- /GL /D WIN32 /D NDEBUG /D _LIB /D _UNICODE /D UNICODE /Gm- /EHsc /MD /GS /Gy /fp:precise /Zc:wchar_t /Zc:forScope /Yu"StdAfx.h" /Fp"Release\SmallPhysics.pch" /Fo"Release\\" /Fd"Release\vc100.pdb" /Gd /TP /analyze- /errorReport:prompt SmallPhysics.cpp
         SmallPhysics.cpp
       Lib:
         C:\Program Files (x86)\Microsoft Visual Studio 10.0\VC\bin\Lib.exe /OUT:"E:\CECI\Blackflame\Season Two\Games\Cupcake\Release\SmallPhysics.lib" /NOLOGO /LTCG Release\SmallPhysics.obj
         Release\stdafx.obj
         SmallPhysics.vcxproj -> E:\CECI\Blackflame\Season Two\Games\Cupcake\Release\SmallPhysics.lib
       FinalizeBuildStatus:
         Deleting file "Release\SmallPhysics.unsuccessfulbuild".
         Touching "Release\SmallPhysics.lastbuildstate".
     1>Done Building Project "E:\CECI\Blackflame\Season Two\Games\Cupcake\SmallPhysics\SmallPhysics.vcxproj" (rebuild target(s)).

Build succeeded.

Time Elapsed 00:00:01.39
