Build started 2.12.2012 г. 17:20:00 ч..
     1>Project "E:\CECI\Blackflame\Season Two\Games\Cupcake\Platform\Platform.vcxproj" on node 4 (rebuild target(s)).
     1>_PrepareForClean:
         Deleting file "Release\Platform.lastbuildstate".
       InitializeBuildStatus:
         Creating "Release\Platform.unsuccessfulbuild" because "AlwaysCreate" was specified.
       ClCompile:
         C:\Program Files (x86)\Microsoft Visual Studio 10.0\VC\bin\CL.exe /c /Zi /nologo /W3 /WX- /O2 /Oi /Oy- /GL /D WIN32 /D NDEBUG /D _LIB /D _UNICODE /D UNICODE /Gm- /EHsc /MD /GS /Gy /fp:precise /Zc:wchar_t /Zc:forScope /Yc"StdAfx.h" /Fp"Release\Platform.pch" /Fo"Release\\" /Fd"Release\vc100.pdb" /Gd /TP /analyze- /errorReport:prompt stdafx.cpp
         stdafx.cpp
         C:\Program Files (x86)\Microsoft Visual Studio 10.0\VC\bin\CL.exe /c /Zi /nologo /W3 /WX- /O2 /Oi /Oy- /GL /D WIN32 /D NDEBUG /D _LIB /D _UNICODE /D UNICODE /Gm- /EHsc /MD /GS /Gy /fp:precise /Zc:wchar_t /Zc:forScope /Yu"StdAfx.h" /Fp"Release\Platform.pch" /Fo"Release\\" /Fd"Release\vc100.pdb" /Gd /TP /analyze- /errorReport:prompt Platform.cpp
         Platform.cpp
       Lib:
         C:\Program Files (x86)\Microsoft Visual Studio 10.0\VC\bin\Lib.exe /OUT:"E:\CECI\Blackflame\Season Two\Games\Cupcake\Release\Platform.lib" /NOLOGO /LTCG Release\Platform.obj
         Release\stdafx.obj
         Platform.vcxproj -> E:\CECI\Blackflame\Season Two\Games\Cupcake\Release\Platform.lib
       FinalizeBuildStatus:
         Deleting file "Release\Platform.unsuccessfulbuild".
         Touching "Release\Platform.lastbuildstate".
     1>Done Building Project "E:\CECI\Blackflame\Season Two\Games\Cupcake\Platform\Platform.vcxproj" (rebuild target(s)).

Build succeeded.

Time Elapsed 00:00:01.16
