Build started 11.11.2012 г. 18:44:31 ч..
     1>Project "E:\CECI\Blackflame\Season Two\Games\Cupcake\Cupcake\Cupcake.vcxproj" on node 3 (build target(s)).
     1>InitializeBuildStatus:
         Creating "Debug\Cupcake.unsuccessfulbuild" because "AlwaysCreate" was specified.
       ClCompile:
         C:\Program Files (x86)\Microsoft Visual Studio 10.0\VC\bin\CL.exe /c /ZI /nologo /W3 /WX- /Od /Oy- /D _CRT_SECURE_NO_WARNINGS /D _CRT_SECURE_NO_DEPRECATE /D _SCL_SECURE_NO_WARNINGS /D TIXML_USE_STL /D FREEGLUT_STATIC /D WIN32 /D _LIB /D FREEGLUT_LIB_PRAGMAS=0 /D DEBUG /D _DEBUG /D _UNICODE /D UNICODE /Gm /EHsc /RTC1 /MDd /GS /fp:precise /Zc:wchar_t /Zc:forScope /Fo"Debug\\" /Fd"Debug\vc100.pdb" /Gd /TP /analyze- /errorReport:prompt Main.cpp
         Main.cpp
       ManifestResourceCompile:
         All outputs are up-to-date.
       Link:
         C:\Program Files (x86)\Microsoft Visual Studio 10.0\VC\bin\link.exe /ERRORREPORT:PROMPT /OUT:"E:\CECI\Blackflame\Season Two\Games\Cupcake\Debug\Cupcake.exe" /INCREMENTAL /NOLOGO glloadD.lib glimgD.lib glutilD.lib glmeshD.lib freeglutD.lib glu32.lib opengl32.lib gdi32.lib winmm.lib user32.lib kernel32.lib user32.lib gdi32.lib winspool.lib comdlg32.lib advapi32.lib shell32.lib ole32.lib oleaut32.lib uuid.lib odbc32.lib odbccp32.lib /MANIFEST /ManifestFile:"Debug\Cupcake.exe.intermediate.manifest" /MANIFESTUAC:"level='asInvoker' uiAccess='false'" /DEBUG /PDB:"E:\CECI\Blackflame\Season Two\Games\Cupcake\Debug\Cupcake.pdb" /SUBSYSTEM:CONSOLE /TLBID:1 /DYNAMICBASE /NXCOMPAT /IMPLIB:"E:\CECI\Blackflame\Season Two\Games\Cupcake\Debug\Cupcake.lib" /MACHINE:X86 Debug\Cupcake.exe.embed.manifest.res
         Debug\Main.obj
         "E:\CECI\Blackflame\Season Two\Games\Cupcake\Debug\Cake.lib"
         "E:\CECI\Blackflame\Season Two\Games\Cupcake\Debug\Framework.lib"
         "E:\CECI\Blackflame\Season Two\Games\Cupcake\Debug\Mouse.lib"
         "E:\CECI\Blackflame\Season Two\Games\Cupcake\Debug\Platform.lib"
         "E:\CECI\Blackflame\Season Two\Games\Cupcake\Debug\Player.lib"
       Manifest:
         C:\Program Files (x86)\Microsoft SDKs\Windows\v7.0A\bin\mt.exe /nologo /verbose /out:"Debug\Cupcake.exe.embed.manifest" /manifest Debug\Cupcake.exe.intermediate.manifest
         All outputs are up-to-date.
       LinkEmbedManifest:
         All outputs are up-to-date.
         Cupcake.vcxproj -> E:\CECI\Blackflame\Season Two\Games\Cupcake\Debug\Cupcake.exe
       FinalizeBuildStatus:
         Deleting file "Debug\Cupcake.unsuccessfulbuild".
         Touching "Debug\Cupcake.lastbuildstate".
     1>Done Building Project "E:\CECI\Blackflame\Season Two\Games\Cupcake\Cupcake\Cupcake.vcxproj" (build target(s)).

Build succeeded.

Time Elapsed 00:00:02.54
