E:\CECI\BLACKFLAME\GAMES\CUPCAKE\CUPCAKE\DEBUG\CUPCAKE.EXE.EMBED.MANIFEST
E:\CECI\BLACKFLAME\GAMES\CUPCAKE\CUPCAKE\DEBUG\CUPCAKE.EXE.EMBED.MANIFEST.RES
E:\CECI\BLACKFLAME\GAMES\CUPCAKE\CUPCAKE\DEBUG\CUPCAKE.EXE.INTERMEDIATE.MANIFEST
E:\CECI\BLACKFLAME\GAMES\CUPCAKE\CUPCAKE\DEBUG\MAIN.OBJ
E:\CECI\BLACKFLAME\GAMES\CUPCAKE\CUPCAKE\DEBUG\VC100.PDB
E:\CECI\BLACKFLAME\GAMES\CUPCAKE\DEBUG\CUPCAKE.EXE
E:\CECI\BLACKFLAME\GAMES\CUPCAKE\DEBUG\CUPCAKE.ILK
E:\CECI\BLACKFLAME\GAMES\CUPCAKE\DEBUG\CUPCAKE.PDB
E:\CECI\Blackflame\Season Two\Games\Cupcake\Cupcake\Debug\cl.command.1.tlog
E:\CECI\Blackflame\Season Two\Games\Cupcake\Cupcake\Debug\CL.read.1.tlog
E:\CECI\Blackflame\Season Two\Games\Cupcake\Cupcake\Debug\CL.write.1.tlog
E:\CECI\BLACKFLAME\SEASON TWO\GAMES\CUPCAKE\CUPCAKE\DEBUG\CUPCAKE.EXE.EMBED.MANIFEST
E:\CECI\BLACKFLAME\SEASON TWO\GAMES\CUPCAKE\CUPCAKE\DEBUG\CUPCAKE.EXE.EMBED.MANIFEST.RES
E:\CECI\BLACKFLAME\SEASON TWO\GAMES\CUPCAKE\CUPCAKE\DEBUG\CUPCAKE.EXE.INTERMEDIATE.MANIFEST
E:\CECI\Blackflame\Season Two\Games\Cupcake\Cupcake\Debug\Cupcake.write.1.tlog
E:\CECI\Blackflame\Season Two\Games\Cupcake\Cupcake\Debug\Cupcake_manifest.rc
E:\CECI\Blackflame\Season Two\Games\Cupcake\Cupcake\Debug\link.10052.read.1.tlog
E:\CECI\Blackflame\Season Two\Games\Cupcake\Cupcake\Debug\link.10052.write.1.tlog
E:\CECI\Blackflame\Season Two\Games\Cupcake\Cupcake\Debug\link.10052-cvtres.read.1.tlog
E:\CECI\Blackflame\Season Two\Games\Cupcake\Cupcake\Debug\link.10052-cvtres.write.1.tlog
E:\CECI\Blackflame\Season Two\Games\Cupcake\Cupcake\Debug\link.10064.read.1.tlog
E:\CECI\Blackflame\Season Two\Games\Cupcake\Cupcake\Debug\link.10064.write.1.tlog
E:\CECI\Blackflame\Season Two\Games\Cupcake\Cupcake\Debug\link.10064-cvtres.read.1.tlog
E:\CECI\Blackflame\Season Two\Games\Cupcake\Cupcake\Debug\link.10064-cvtres.write.1.tlog
E:\CECI\Blackflame\Season Two\Games\Cupcake\Cupcake\Debug\link.10620.read.1.tlog
E:\CECI\Blackflame\Season Two\Games\Cupcake\Cupcake\Debug\link.10620.write.1.tlog
E:\CECI\Blackflame\Season Two\Games\Cupcake\Cupcake\Debug\link.10620-cvtres.read.1.tlog
E:\CECI\Blackflame\Season Two\Games\Cupcake\Cupcake\Debug\link.10620-cvtres.write.1.tlog
E:\CECI\Blackflame\Season Two\Games\Cupcake\Cupcake\Debug\link.10804.read.1.tlog
E:\CECI\Blackflame\Season Two\Games\Cupcake\Cupcake\Debug\link.10804.write.1.tlog
E:\CECI\Blackflame\Season Two\Games\Cupcake\Cupcake\Debug\link.10804-cvtres.read.1.tlog
E:\CECI\Blackflame\Season Two\Games\Cupcake\Cupcake\Debug\link.10804-cvtres.write.1.tlog
E:\CECI\Blackflame\Season Two\Games\Cupcake\Cupcake\Debug\link.10968.read.1.tlog
E:\CECI\Blackflame\Season Two\Games\Cupcake\Cupcake\Debug\link.10968.write.1.tlog
E:\CECI\Blackflame\Season Two\Games\Cupcake\Cupcake\Debug\link.10968-cvtres.read.1.tlog
E:\CECI\Blackflame\Season Two\Games\Cupcake\Cupcake\Debug\link.10968-cvtres.write.1.tlog
E:\CECI\Blackflame\Season Two\Games\Cupcake\Cupcake\Debug\link.11196.read.1.tlog
E:\CECI\Blackflame\Season Two\Games\Cupcake\Cupcake\Debug\link.11196.write.1.tlog
E:\CECI\Blackflame\Season Two\Games\Cupcake\Cupcake\Debug\link.11196-cvtres.read.1.tlog
E:\CECI\Blackflame\Season Two\Games\Cupcake\Cupcake\Debug\link.11196-cvtres.write.1.tlog
E:\CECI\Blackflame\Season Two\Games\Cupcake\Cupcake\Debug\link.1276.read.1.tlog
E:\CECI\Blackflame\Season Two\Games\Cupcake\Cupcake\Debug\link.1276.write.1.tlog
E:\CECI\Blackflame\Season Two\Games\Cupcake\Cupcake\Debug\link.1276-cvtres.read.1.tlog
E:\CECI\Blackflame\Season Two\Games\Cupcake\Cupcake\Debug\link.1276-cvtres.write.1.tlog
E:\CECI\Blackflame\Season Two\Games\Cupcake\Cupcake\Debug\link.1344.read.1.tlog
E:\CECI\Blackflame\Season Two\Games\Cupcake\Cupcake\Debug\link.1344.write.1.tlog
E:\CECI\Blackflame\Season Two\Games\Cupcake\Cupcake\Debug\link.1344-cvtres.read.1.tlog
E:\CECI\Blackflame\Season Two\Games\Cupcake\Cupcake\Debug\link.1344-cvtres.write.1.tlog
E:\CECI\Blackflame\Season Two\Games\Cupcake\Cupcake\Debug\link.1420.read.1.tlog
E:\CECI\Blackflame\Season Two\Games\Cupcake\Cupcake\Debug\link.1420.write.1.tlog
E:\CECI\Blackflame\Season Two\Games\Cupcake\Cupcake\Debug\link.1420-cvtres.read.1.tlog
E:\CECI\Blackflame\Season Two\Games\Cupcake\Cupcake\Debug\link.1420-cvtres.write.1.tlog
E:\CECI\Blackflame\Season Two\Games\Cupcake\Cupcake\Debug\link.1464.read.1.tlog
E:\CECI\Blackflame\Season Two\Games\Cupcake\Cupcake\Debug\link.1464.write.1.tlog
E:\CECI\Blackflame\Season Two\Games\Cupcake\Cupcake\Debug\link.1464-cvtres.read.1.tlog
E:\CECI\Blackflame\Season Two\Games\Cupcake\Cupcake\Debug\link.1464-cvtres.write.1.tlog
E:\CECI\Blackflame\Season Two\Games\Cupcake\Cupcake\Debug\link.1608.read.1.tlog
E:\CECI\Blackflame\Season Two\Games\Cupcake\Cupcake\Debug\link.1608.write.1.tlog
E:\CECI\Blackflame\Season Two\Games\Cupcake\Cupcake\Debug\link.1608-cvtres.read.1.tlog
E:\CECI\Blackflame\Season Two\Games\Cupcake\Cupcake\Debug\link.1608-cvtres.write.1.tlog
E:\CECI\Blackflame\Season Two\Games\Cupcake\Cupcake\Debug\link.1660.read.1.tlog
E:\CECI\Blackflame\Season Two\Games\Cupcake\Cupcake\Debug\link.1660.write.1.tlog
E:\CECI\Blackflame\Season Two\Games\Cupcake\Cupcake\Debug\link.1660-cvtres.read.1.tlog
E:\CECI\Blackflame\Season Two\Games\Cupcake\Cupcake\Debug\link.1660-cvtres.write.1.tlog
E:\CECI\Blackflame\Season Two\Games\Cupcake\Cupcake\Debug\link.1752.read.1.tlog
E:\CECI\Blackflame\Season Two\Games\Cupcake\Cupcake\Debug\link.1752.write.1.tlog
E:\CECI\Blackflame\Season Two\Games\Cupcake\Cupcake\Debug\link.1752-cvtres.read.1.tlog
E:\CECI\Blackflame\Season Two\Games\Cupcake\Cupcake\Debug\link.1752-cvtres.write.1.tlog
E:\CECI\Blackflame\Season Two\Games\Cupcake\Cupcake\Debug\link.1788.read.1.tlog
E:\CECI\Blackflame\Season Two\Games\Cupcake\Cupcake\Debug\link.1788.write.1.tlog
E:\CECI\Blackflame\Season Two\Games\Cupcake\Cupcake\Debug\link.1788-cvtres.read.1.tlog
E:\CECI\Blackflame\Season Two\Games\Cupcake\Cupcake\Debug\link.1788-cvtres.write.1.tlog
E:\CECI\Blackflame\Season Two\Games\Cupcake\Cupcake\Debug\link.1804.read.1.tlog
E:\CECI\Blackflame\Season Two\Games\Cupcake\Cupcake\Debug\link.1804.write.1.tlog
E:\CECI\Blackflame\Season Two\Games\Cupcake\Cupcake\Debug\link.1804-cvtres.read.1.tlog
E:\CECI\Blackflame\Season Two\Games\Cupcake\Cupcake\Debug\link.1804-cvtres.write.1.tlog
E:\CECI\Blackflame\Season Two\Games\Cupcake\Cupcake\Debug\link.1880.read.1.tlog
E:\CECI\Blackflame\Season Two\Games\Cupcake\Cupcake\Debug\link.1880.write.1.tlog
E:\CECI\Blackflame\Season Two\Games\Cupcake\Cupcake\Debug\link.1880-cvtres.read.1.tlog
E:\CECI\Blackflame\Season Two\Games\Cupcake\Cupcake\Debug\link.1880-cvtres.write.1.tlog
E:\CECI\Blackflame\Season Two\Games\Cupcake\Cupcake\Debug\link.1904.read.1.tlog
E:\CECI\Blackflame\Season Two\Games\Cupcake\Cupcake\Debug\link.1904.write.1.tlog
E:\CECI\Blackflame\Season Two\Games\Cupcake\Cupcake\Debug\link.1904-cvtres.read.1.tlog
E:\CECI\Blackflame\Season Two\Games\Cupcake\Cupcake\Debug\link.1904-cvtres.write.1.tlog
E:\CECI\Blackflame\Season Two\Games\Cupcake\Cupcake\Debug\link.1908.read.1.tlog
E:\CECI\Blackflame\Season Two\Games\Cupcake\Cupcake\Debug\link.1908.write.1.tlog
E:\CECI\Blackflame\Season Two\Games\Cupcake\Cupcake\Debug\link.1908-cvtres.read.1.tlog
E:\CECI\Blackflame\Season Two\Games\Cupcake\Cupcake\Debug\link.1908-cvtres.write.1.tlog
E:\CECI\Blackflame\Season Two\Games\Cupcake\Cupcake\Debug\link.2000.read.1.tlog
E:\CECI\Blackflame\Season Two\Games\Cupcake\Cupcake\Debug\link.2000.write.1.tlog
E:\CECI\Blackflame\Season Two\Games\Cupcake\Cupcake\Debug\link.2000-cvtres.read.1.tlog
E:\CECI\Blackflame\Season Two\Games\Cupcake\Cupcake\Debug\link.2000-cvtres.write.1.tlog
E:\CECI\Blackflame\Season Two\Games\Cupcake\Cupcake\Debug\link.2092.read.1.tlog
E:\CECI\Blackflame\Season Two\Games\Cupcake\Cupcake\Debug\link.2092.write.1.tlog
E:\CECI\Blackflame\Season Two\Games\Cupcake\Cupcake\Debug\link.2092-cvtres.read.1.tlog
E:\CECI\Blackflame\Season Two\Games\Cupcake\Cupcake\Debug\link.2092-cvtres.write.1.tlog
E:\CECI\Blackflame\Season Two\Games\Cupcake\Cupcake\Debug\link.2108.read.1.tlog
E:\CECI\Blackflame\Season Two\Games\Cupcake\Cupcake\Debug\link.2108.write.1.tlog
E:\CECI\Blackflame\Season Two\Games\Cupcake\Cupcake\Debug\link.2108-cvtres.read.1.tlog
E:\CECI\Blackflame\Season Two\Games\Cupcake\Cupcake\Debug\link.2108-cvtres.write.1.tlog
E:\CECI\Blackflame\Season Two\Games\Cupcake\Cupcake\Debug\link.2112.read.1.tlog
E:\CECI\Blackflame\Season Two\Games\Cupcake\Cupcake\Debug\link.2112.write.1.tlog
E:\CECI\Blackflame\Season Two\Games\Cupcake\Cupcake\Debug\link.2112-cvtres.read.1.tlog
E:\CECI\Blackflame\Season Two\Games\Cupcake\Cupcake\Debug\link.2112-cvtres.write.1.tlog
E:\CECI\Blackflame\Season Two\Games\Cupcake\Cupcake\Debug\link.2148.read.1.tlog
E:\CECI\Blackflame\Season Two\Games\Cupcake\Cupcake\Debug\link.2148.write.1.tlog
E:\CECI\Blackflame\Season Two\Games\Cupcake\Cupcake\Debug\link.2148-cvtres.read.1.tlog
E:\CECI\Blackflame\Season Two\Games\Cupcake\Cupcake\Debug\link.2148-cvtres.write.1.tlog
E:\CECI\Blackflame\Season Two\Games\Cupcake\Cupcake\Debug\link.2152.read.1.tlog
E:\CECI\Blackflame\Season Two\Games\Cupcake\Cupcake\Debug\link.2152.write.1.tlog
E:\CECI\Blackflame\Season Two\Games\Cupcake\Cupcake\Debug\link.2152-cvtres.read.1.tlog
E:\CECI\Blackflame\Season Two\Games\Cupcake\Cupcake\Debug\link.2152-cvtres.write.1.tlog
E:\CECI\Blackflame\Season Two\Games\Cupcake\Cupcake\Debug\link.2348.read.1.tlog
E:\CECI\Blackflame\Season Two\Games\Cupcake\Cupcake\Debug\link.2348.write.1.tlog
E:\CECI\Blackflame\Season Two\Games\Cupcake\Cupcake\Debug\link.2348-cvtres.read.1.tlog
E:\CECI\Blackflame\Season Two\Games\Cupcake\Cupcake\Debug\link.2348-cvtres.write.1.tlog
E:\CECI\Blackflame\Season Two\Games\Cupcake\Cupcake\Debug\link.2356.read.1.tlog
E:\CECI\Blackflame\Season Two\Games\Cupcake\Cupcake\Debug\link.2356.write.1.tlog
E:\CECI\Blackflame\Season Two\Games\Cupcake\Cupcake\Debug\link.2356-cvtres.read.1.tlog
E:\CECI\Blackflame\Season Two\Games\Cupcake\Cupcake\Debug\link.2356-cvtres.write.1.tlog
E:\CECI\Blackflame\Season Two\Games\Cupcake\Cupcake\Debug\link.2756.read.1.tlog
E:\CECI\Blackflame\Season Two\Games\Cupcake\Cupcake\Debug\link.2756.write.1.tlog
E:\CECI\Blackflame\Season Two\Games\Cupcake\Cupcake\Debug\link.2756-cvtres.read.1.tlog
E:\CECI\Blackflame\Season Two\Games\Cupcake\Cupcake\Debug\link.2756-cvtres.write.1.tlog
E:\CECI\Blackflame\Season Two\Games\Cupcake\Cupcake\Debug\link.2792.read.1.tlog
E:\CECI\Blackflame\Season Two\Games\Cupcake\Cupcake\Debug\link.2792.write.1.tlog
E:\CECI\Blackflame\Season Two\Games\Cupcake\Cupcake\Debug\link.2792-cvtres.read.1.tlog
E:\CECI\Blackflame\Season Two\Games\Cupcake\Cupcake\Debug\link.2792-cvtres.write.1.tlog
E:\CECI\Blackflame\Season Two\Games\Cupcake\Cupcake\Debug\link.2820.read.1.tlog
E:\CECI\Blackflame\Season Two\Games\Cupcake\Cupcake\Debug\link.2820.write.1.tlog
E:\CECI\Blackflame\Season Two\Games\Cupcake\Cupcake\Debug\link.2820-cvtres.read.1.tlog
E:\CECI\Blackflame\Season Two\Games\Cupcake\Cupcake\Debug\link.2820-cvtres.write.1.tlog
E:\CECI\Blackflame\Season Two\Games\Cupcake\Cupcake\Debug\link.284.read.1.tlog
E:\CECI\Blackflame\Season Two\Games\Cupcake\Cupcake\Debug\link.284.write.1.tlog
E:\CECI\Blackflame\Season Two\Games\Cupcake\Cupcake\Debug\link.284-cvtres.read.1.tlog
E:\CECI\Blackflame\Season Two\Games\Cupcake\Cupcake\Debug\link.284-cvtres.write.1.tlog
E:\CECI\Blackflame\Season Two\Games\Cupcake\Cupcake\Debug\link.2880.read.1.tlog
E:\CECI\Blackflame\Season Two\Games\Cupcake\Cupcake\Debug\link.2880.write.1.tlog
E:\CECI\Blackflame\Season Two\Games\Cupcake\Cupcake\Debug\link.2880-cvtres.read.1.tlog
E:\CECI\Blackflame\Season Two\Games\Cupcake\Cupcake\Debug\link.2880-cvtres.write.1.tlog
E:\CECI\Blackflame\Season Two\Games\Cupcake\Cupcake\Debug\link.2944.read.1.tlog
E:\CECI\Blackflame\Season Two\Games\Cupcake\Cupcake\Debug\link.2944.write.1.tlog
E:\CECI\Blackflame\Season Two\Games\Cupcake\Cupcake\Debug\link.2944-cvtres.read.1.tlog
E:\CECI\Blackflame\Season Two\Games\Cupcake\Cupcake\Debug\link.2944-cvtres.write.1.tlog
E:\CECI\Blackflame\Season Two\Games\Cupcake\Cupcake\Debug\link.2948.read.1.tlog
E:\CECI\Blackflame\Season Two\Games\Cupcake\Cupcake\Debug\link.2948.write.1.tlog
E:\CECI\Blackflame\Season Two\Games\Cupcake\Cupcake\Debug\link.2948-cvtres.read.1.tlog
E:\CECI\Blackflame\Season Two\Games\Cupcake\Cupcake\Debug\link.2948-cvtres.write.1.tlog
E:\CECI\Blackflame\Season Two\Games\Cupcake\Cupcake\Debug\link.2960.read.1.tlog
E:\CECI\Blackflame\Season Two\Games\Cupcake\Cupcake\Debug\link.2960.write.1.tlog
E:\CECI\Blackflame\Season Two\Games\Cupcake\Cupcake\Debug\link.2960-cvtres.read.1.tlog
E:\CECI\Blackflame\Season Two\Games\Cupcake\Cupcake\Debug\link.2960-cvtres.write.1.tlog
E:\CECI\Blackflame\Season Two\Games\Cupcake\Cupcake\Debug\link.3012.read.1.tlog
E:\CECI\Blackflame\Season Two\Games\Cupcake\Cupcake\Debug\link.3012.write.1.tlog
E:\CECI\Blackflame\Season Two\Games\Cupcake\Cupcake\Debug\link.3012-cvtres.read.1.tlog
E:\CECI\Blackflame\Season Two\Games\Cupcake\Cupcake\Debug\link.3012-cvtres.write.1.tlog
E:\CECI\Blackflame\Season Two\Games\Cupcake\Cupcake\Debug\link.3024.read.1.tlog
E:\CECI\Blackflame\Season Two\Games\Cupcake\Cupcake\Debug\link.3024.write.1.tlog
E:\CECI\Blackflame\Season Two\Games\Cupcake\Cupcake\Debug\link.3024-cvtres.read.1.tlog
E:\CECI\Blackflame\Season Two\Games\Cupcake\Cupcake\Debug\link.3024-cvtres.write.1.tlog
E:\CECI\Blackflame\Season Two\Games\Cupcake\Cupcake\Debug\link.3076.read.1.tlog
E:\CECI\Blackflame\Season Two\Games\Cupcake\Cupcake\Debug\link.3076.write.1.tlog
E:\CECI\Blackflame\Season Two\Games\Cupcake\Cupcake\Debug\link.3076-cvtres.read.1.tlog
E:\CECI\Blackflame\Season Two\Games\Cupcake\Cupcake\Debug\link.3076-cvtres.write.1.tlog
E:\CECI\Blackflame\Season Two\Games\Cupcake\Cupcake\Debug\link.3156.read.1.tlog
E:\CECI\Blackflame\Season Two\Games\Cupcake\Cupcake\Debug\link.3156.write.1.tlog
E:\CECI\Blackflame\Season Two\Games\Cupcake\Cupcake\Debug\link.3156-cvtres.read.1.tlog
E:\CECI\Blackflame\Season Two\Games\Cupcake\Cupcake\Debug\link.3156-cvtres.write.1.tlog
E:\CECI\Blackflame\Season Two\Games\Cupcake\Cupcake\Debug\link.3236.read.1.tlog
E:\CECI\Blackflame\Season Two\Games\Cupcake\Cupcake\Debug\link.3236.write.1.tlog
E:\CECI\Blackflame\Season Two\Games\Cupcake\Cupcake\Debug\link.3236-cvtres.read.1.tlog
E:\CECI\Blackflame\Season Two\Games\Cupcake\Cupcake\Debug\link.3236-cvtres.write.1.tlog
E:\CECI\Blackflame\Season Two\Games\Cupcake\Cupcake\Debug\link.3412.read.1.tlog
E:\CECI\Blackflame\Season Two\Games\Cupcake\Cupcake\Debug\link.3412.write.1.tlog
E:\CECI\Blackflame\Season Two\Games\Cupcake\Cupcake\Debug\link.3412-cvtres.read.1.tlog
E:\CECI\Blackflame\Season Two\Games\Cupcake\Cupcake\Debug\link.3412-cvtres.write.1.tlog
E:\CECI\Blackflame\Season Two\Games\Cupcake\Cupcake\Debug\link.3588.read.1.tlog
E:\CECI\Blackflame\Season Two\Games\Cupcake\Cupcake\Debug\link.3588.write.1.tlog
E:\CECI\Blackflame\Season Two\Games\Cupcake\Cupcake\Debug\link.3588-cvtres.read.1.tlog
E:\CECI\Blackflame\Season Two\Games\Cupcake\Cupcake\Debug\link.3588-cvtres.write.1.tlog
E:\CECI\Blackflame\Season Two\Games\Cupcake\Cupcake\Debug\link.3608.read.1.tlog
E:\CECI\Blackflame\Season Two\Games\Cupcake\Cupcake\Debug\link.3608.write.1.tlog
E:\CECI\Blackflame\Season Two\Games\Cupcake\Cupcake\Debug\link.3608-cvtres.read.1.tlog
E:\CECI\Blackflame\Season Two\Games\Cupcake\Cupcake\Debug\link.3608-cvtres.write.1.tlog
E:\CECI\Blackflame\Season Two\Games\Cupcake\Cupcake\Debug\link.3716.read.1.tlog
E:\CECI\Blackflame\Season Two\Games\Cupcake\Cupcake\Debug\link.3716.write.1.tlog
E:\CECI\Blackflame\Season Two\Games\Cupcake\Cupcake\Debug\link.3716-cvtres.read.1.tlog
E:\CECI\Blackflame\Season Two\Games\Cupcake\Cupcake\Debug\link.3716-cvtres.write.1.tlog
E:\CECI\Blackflame\Season Two\Games\Cupcake\Cupcake\Debug\link.3792.read.1.tlog
E:\CECI\Blackflame\Season Two\Games\Cupcake\Cupcake\Debug\link.3792.write.1.tlog
E:\CECI\Blackflame\Season Two\Games\Cupcake\Cupcake\Debug\link.3792-cvtres.read.1.tlog
E:\CECI\Blackflame\Season Two\Games\Cupcake\Cupcake\Debug\link.3792-cvtres.write.1.tlog
E:\CECI\Blackflame\Season Two\Games\Cupcake\Cupcake\Debug\link.3876.read.1.tlog
E:\CECI\Blackflame\Season Two\Games\Cupcake\Cupcake\Debug\link.3876.write.1.tlog
E:\CECI\Blackflame\Season Two\Games\Cupcake\Cupcake\Debug\link.3876-cvtres.read.1.tlog
E:\CECI\Blackflame\Season Two\Games\Cupcake\Cupcake\Debug\link.3876-cvtres.write.1.tlog
E:\CECI\Blackflame\Season Two\Games\Cupcake\Cupcake\Debug\link.3940.read.1.tlog
E:\CECI\Blackflame\Season Two\Games\Cupcake\Cupcake\Debug\link.3940.write.1.tlog
E:\CECI\Blackflame\Season Two\Games\Cupcake\Cupcake\Debug\link.3940-cvtres.read.1.tlog
E:\CECI\Blackflame\Season Two\Games\Cupcake\Cupcake\Debug\link.3940-cvtres.write.1.tlog
E:\CECI\Blackflame\Season Two\Games\Cupcake\Cupcake\Debug\link.4168.read.1.tlog
E:\CECI\Blackflame\Season Two\Games\Cupcake\Cupcake\Debug\link.4168.write.1.tlog
E:\CECI\Blackflame\Season Two\Games\Cupcake\Cupcake\Debug\link.4168-cvtres.read.1.tlog
E:\CECI\Blackflame\Season Two\Games\Cupcake\Cupcake\Debug\link.4168-cvtres.write.1.tlog
E:\CECI\Blackflame\Season Two\Games\Cupcake\Cupcake\Debug\link.4188.read.1.tlog
E:\CECI\Blackflame\Season Two\Games\Cupcake\Cupcake\Debug\link.4188.write.1.tlog
E:\CECI\Blackflame\Season Two\Games\Cupcake\Cupcake\Debug\link.4188-cvtres.read.1.tlog
E:\CECI\Blackflame\Season Two\Games\Cupcake\Cupcake\Debug\link.4188-cvtres.write.1.tlog
E:\CECI\Blackflame\Season Two\Games\Cupcake\Cupcake\Debug\link.4304.read.1.tlog
E:\CECI\Blackflame\Season Two\Games\Cupcake\Cupcake\Debug\link.4304.write.1.tlog
E:\CECI\Blackflame\Season Two\Games\Cupcake\Cupcake\Debug\link.4304-cvtres.read.1.tlog
E:\CECI\Blackflame\Season Two\Games\Cupcake\Cupcake\Debug\link.4304-cvtres.write.1.tlog
E:\CECI\Blackflame\Season Two\Games\Cupcake\Cupcake\Debug\link.4368.read.1.tlog
E:\CECI\Blackflame\Season Two\Games\Cupcake\Cupcake\Debug\link.4368.write.1.tlog
E:\CECI\Blackflame\Season Two\Games\Cupcake\Cupcake\Debug\link.4368-cvtres.read.1.tlog
E:\CECI\Blackflame\Season Two\Games\Cupcake\Cupcake\Debug\link.4368-cvtres.write.1.tlog
E:\CECI\Blackflame\Season Two\Games\Cupcake\Cupcake\Debug\link.4388.read.1.tlog
E:\CECI\Blackflame\Season Two\Games\Cupcake\Cupcake\Debug\link.4388.write.1.tlog
E:\CECI\Blackflame\Season Two\Games\Cupcake\Cupcake\Debug\link.4388-cvtres.read.1.tlog
E:\CECI\Blackflame\Season Two\Games\Cupcake\Cupcake\Debug\link.4388-cvtres.write.1.tlog
E:\CECI\Blackflame\Season Two\Games\Cupcake\Cupcake\Debug\link.4408.read.1.tlog
E:\CECI\Blackflame\Season Two\Games\Cupcake\Cupcake\Debug\link.4408.write.1.tlog
E:\CECI\Blackflame\Season Two\Games\Cupcake\Cupcake\Debug\link.4408-cvtres.read.1.tlog
E:\CECI\Blackflame\Season Two\Games\Cupcake\Cupcake\Debug\link.4408-cvtres.write.1.tlog
E:\CECI\Blackflame\Season Two\Games\Cupcake\Cupcake\Debug\link.4476.read.1.tlog
E:\CECI\Blackflame\Season Two\Games\Cupcake\Cupcake\Debug\link.4476.write.1.tlog
E:\CECI\Blackflame\Season Two\Games\Cupcake\Cupcake\Debug\link.4476-cvtres.read.1.tlog
E:\CECI\Blackflame\Season Two\Games\Cupcake\Cupcake\Debug\link.4476-cvtres.write.1.tlog
E:\CECI\Blackflame\Season Two\Games\Cupcake\Cupcake\Debug\link.4600.read.1.tlog
E:\CECI\Blackflame\Season Two\Games\Cupcake\Cupcake\Debug\link.4600.write.1.tlog
E:\CECI\Blackflame\Season Two\Games\Cupcake\Cupcake\Debug\link.4600-cvtres.read.1.tlog
E:\CECI\Blackflame\Season Two\Games\Cupcake\Cupcake\Debug\link.4600-cvtres.write.1.tlog
E:\CECI\Blackflame\Season Two\Games\Cupcake\Cupcake\Debug\link.4668.read.1.tlog
E:\CECI\Blackflame\Season Two\Games\Cupcake\Cupcake\Debug\link.4668.write.1.tlog
E:\CECI\Blackflame\Season Two\Games\Cupcake\Cupcake\Debug\link.4668-cvtres.read.1.tlog
E:\CECI\Blackflame\Season Two\Games\Cupcake\Cupcake\Debug\link.4668-cvtres.write.1.tlog
E:\CECI\Blackflame\Season Two\Games\Cupcake\Cupcake\Debug\link.4792.read.1.tlog
E:\CECI\Blackflame\Season Two\Games\Cupcake\Cupcake\Debug\link.4792.write.1.tlog
E:\CECI\Blackflame\Season Two\Games\Cupcake\Cupcake\Debug\link.4792-cvtres.read.1.tlog
E:\CECI\Blackflame\Season Two\Games\Cupcake\Cupcake\Debug\link.4792-cvtres.write.1.tlog
E:\CECI\Blackflame\Season Two\Games\Cupcake\Cupcake\Debug\link.480.read.1.tlog
E:\CECI\Blackflame\Season Two\Games\Cupcake\Cupcake\Debug\link.480.write.1.tlog
E:\CECI\Blackflame\Season Two\Games\Cupcake\Cupcake\Debug\link.480-cvtres.read.1.tlog
E:\CECI\Blackflame\Season Two\Games\Cupcake\Cupcake\Debug\link.480-cvtres.write.1.tlog
E:\CECI\Blackflame\Season Two\Games\Cupcake\Cupcake\Debug\link.4856.read.1.tlog
E:\CECI\Blackflame\Season Two\Games\Cupcake\Cupcake\Debug\link.4856.write.1.tlog
E:\CECI\Blackflame\Season Two\Games\Cupcake\Cupcake\Debug\link.4856-cvtres.read.1.tlog
E:\CECI\Blackflame\Season Two\Games\Cupcake\Cupcake\Debug\link.4856-cvtres.write.1.tlog
E:\CECI\Blackflame\Season Two\Games\Cupcake\Cupcake\Debug\link.4884.read.1.tlog
E:\CECI\Blackflame\Season Two\Games\Cupcake\Cupcake\Debug\link.4884.write.1.tlog
E:\CECI\Blackflame\Season Two\Games\Cupcake\Cupcake\Debug\link.4884-cvtres.read.1.tlog
E:\CECI\Blackflame\Season Two\Games\Cupcake\Cupcake\Debug\link.4884-cvtres.write.1.tlog
E:\CECI\Blackflame\Season Two\Games\Cupcake\Cupcake\Debug\link.4972.read.1.tlog
E:\CECI\Blackflame\Season Two\Games\Cupcake\Cupcake\Debug\link.4972.write.1.tlog
E:\CECI\Blackflame\Season Two\Games\Cupcake\Cupcake\Debug\link.4972-cvtres.read.1.tlog
E:\CECI\Blackflame\Season Two\Games\Cupcake\Cupcake\Debug\link.4972-cvtres.write.1.tlog
E:\CECI\Blackflame\Season Two\Games\Cupcake\Cupcake\Debug\link.4996.read.1.tlog
E:\CECI\Blackflame\Season Two\Games\Cupcake\Cupcake\Debug\link.4996.write.1.tlog
E:\CECI\Blackflame\Season Two\Games\Cupcake\Cupcake\Debug\link.4996-cvtres.read.1.tlog
E:\CECI\Blackflame\Season Two\Games\Cupcake\Cupcake\Debug\link.4996-cvtres.write.1.tlog
E:\CECI\Blackflame\Season Two\Games\Cupcake\Cupcake\Debug\link.5000.read.1.tlog
E:\CECI\Blackflame\Season Two\Games\Cupcake\Cupcake\Debug\link.5000.write.1.tlog
E:\CECI\Blackflame\Season Two\Games\Cupcake\Cupcake\Debug\link.5000-cvtres.read.1.tlog
E:\CECI\Blackflame\Season Two\Games\Cupcake\Cupcake\Debug\link.5000-cvtres.write.1.tlog
E:\CECI\Blackflame\Season Two\Games\Cupcake\Cupcake\Debug\link.5136.read.1.tlog
E:\CECI\Blackflame\Season Two\Games\Cupcake\Cupcake\Debug\link.5136.write.1.tlog
E:\CECI\Blackflame\Season Two\Games\Cupcake\Cupcake\Debug\link.5136-cvtres.read.1.tlog
E:\CECI\Blackflame\Season Two\Games\Cupcake\Cupcake\Debug\link.5136-cvtres.write.1.tlog
E:\CECI\Blackflame\Season Two\Games\Cupcake\Cupcake\Debug\link.5236.read.1.tlog
E:\CECI\Blackflame\Season Two\Games\Cupcake\Cupcake\Debug\link.5236.write.1.tlog
E:\CECI\Blackflame\Season Two\Games\Cupcake\Cupcake\Debug\link.5236-cvtres.read.1.tlog
E:\CECI\Blackflame\Season Two\Games\Cupcake\Cupcake\Debug\link.5236-cvtres.write.1.tlog
E:\CECI\Blackflame\Season Two\Games\Cupcake\Cupcake\Debug\link.5240.read.1.tlog
E:\CECI\Blackflame\Season Two\Games\Cupcake\Cupcake\Debug\link.5240.write.1.tlog
E:\CECI\Blackflame\Season Two\Games\Cupcake\Cupcake\Debug\link.5240-cvtres.read.1.tlog
E:\CECI\Blackflame\Season Two\Games\Cupcake\Cupcake\Debug\link.5240-cvtres.write.1.tlog
E:\CECI\Blackflame\Season Two\Games\Cupcake\Cupcake\Debug\link.5332.read.1.tlog
E:\CECI\Blackflame\Season Two\Games\Cupcake\Cupcake\Debug\link.5332.write.1.tlog
E:\CECI\Blackflame\Season Two\Games\Cupcake\Cupcake\Debug\link.5332-cvtres.read.1.tlog
E:\CECI\Blackflame\Season Two\Games\Cupcake\Cupcake\Debug\link.5332-cvtres.write.1.tlog
E:\CECI\Blackflame\Season Two\Games\Cupcake\Cupcake\Debug\link.5444.read.1.tlog
E:\CECI\Blackflame\Season Two\Games\Cupcake\Cupcake\Debug\link.5444.write.1.tlog
E:\CECI\Blackflame\Season Two\Games\Cupcake\Cupcake\Debug\link.5444-cvtres.read.1.tlog
E:\CECI\Blackflame\Season Two\Games\Cupcake\Cupcake\Debug\link.5444-cvtres.write.1.tlog
E:\CECI\Blackflame\Season Two\Games\Cupcake\Cupcake\Debug\link.5480.read.1.tlog
E:\CECI\Blackflame\Season Two\Games\Cupcake\Cupcake\Debug\link.5480.write.1.tlog
E:\CECI\Blackflame\Season Two\Games\Cupcake\Cupcake\Debug\link.5480-cvtres.read.1.tlog
E:\CECI\Blackflame\Season Two\Games\Cupcake\Cupcake\Debug\link.5480-cvtres.write.1.tlog
E:\CECI\Blackflame\Season Two\Games\Cupcake\Cupcake\Debug\link.5488.read.1.tlog
E:\CECI\Blackflame\Season Two\Games\Cupcake\Cupcake\Debug\link.5488.write.1.tlog
E:\CECI\Blackflame\Season Two\Games\Cupcake\Cupcake\Debug\link.5488-cvtres.read.1.tlog
E:\CECI\Blackflame\Season Two\Games\Cupcake\Cupcake\Debug\link.5488-cvtres.write.1.tlog
E:\CECI\Blackflame\Season Two\Games\Cupcake\Cupcake\Debug\link.5512.read.1.tlog
E:\CECI\Blackflame\Season Two\Games\Cupcake\Cupcake\Debug\link.5512.write.1.tlog
E:\CECI\Blackflame\Season Two\Games\Cupcake\Cupcake\Debug\link.5512-cvtres.read.1.tlog
E:\CECI\Blackflame\Season Two\Games\Cupcake\Cupcake\Debug\link.5512-cvtres.write.1.tlog
E:\CECI\Blackflame\Season Two\Games\Cupcake\Cupcake\Debug\link.5516.read.1.tlog
E:\CECI\Blackflame\Season Two\Games\Cupcake\Cupcake\Debug\link.5516.write.1.tlog
E:\CECI\Blackflame\Season Two\Games\Cupcake\Cupcake\Debug\link.5516-cvtres.read.1.tlog
E:\CECI\Blackflame\Season Two\Games\Cupcake\Cupcake\Debug\link.5516-cvtres.write.1.tlog
E:\CECI\Blackflame\Season Two\Games\Cupcake\Cupcake\Debug\link.5528.read.1.tlog
E:\CECI\Blackflame\Season Two\Games\Cupcake\Cupcake\Debug\link.5528.write.1.tlog
E:\CECI\Blackflame\Season Two\Games\Cupcake\Cupcake\Debug\link.5528-cvtres.read.1.tlog
E:\CECI\Blackflame\Season Two\Games\Cupcake\Cupcake\Debug\link.5528-cvtres.write.1.tlog
E:\CECI\Blackflame\Season Two\Games\Cupcake\Cupcake\Debug\link.5540.read.1.tlog
E:\CECI\Blackflame\Season Two\Games\Cupcake\Cupcake\Debug\link.5540.write.1.tlog
E:\CECI\Blackflame\Season Two\Games\Cupcake\Cupcake\Debug\link.5540-cvtres.read.1.tlog
E:\CECI\Blackflame\Season Two\Games\Cupcake\Cupcake\Debug\link.5540-cvtres.write.1.tlog
E:\CECI\Blackflame\Season Two\Games\Cupcake\Cupcake\Debug\link.5548.read.1.tlog
E:\CECI\Blackflame\Season Two\Games\Cupcake\Cupcake\Debug\link.5548.write.1.tlog
E:\CECI\Blackflame\Season Two\Games\Cupcake\Cupcake\Debug\link.5548-cvtres.read.1.tlog
E:\CECI\Blackflame\Season Two\Games\Cupcake\Cupcake\Debug\link.5548-cvtres.write.1.tlog
E:\CECI\Blackflame\Season Two\Games\Cupcake\Cupcake\Debug\link.5656.read.1.tlog
E:\CECI\Blackflame\Season Two\Games\Cupcake\Cupcake\Debug\link.5656.write.1.tlog
E:\CECI\Blackflame\Season Two\Games\Cupcake\Cupcake\Debug\link.5656-cvtres.read.1.tlog
E:\CECI\Blackflame\Season Two\Games\Cupcake\Cupcake\Debug\link.5656-cvtres.write.1.tlog
E:\CECI\Blackflame\Season Two\Games\Cupcake\Cupcake\Debug\link.5692.read.1.tlog
E:\CECI\Blackflame\Season Two\Games\Cupcake\Cupcake\Debug\link.5692.write.1.tlog
E:\CECI\Blackflame\Season Two\Games\Cupcake\Cupcake\Debug\link.5692-cvtres.read.1.tlog
E:\CECI\Blackflame\Season Two\Games\Cupcake\Cupcake\Debug\link.5692-cvtres.write.1.tlog
E:\CECI\Blackflame\Season Two\Games\Cupcake\Cupcake\Debug\link.5732.read.1.tlog
E:\CECI\Blackflame\Season Two\Games\Cupcake\Cupcake\Debug\link.5732.write.1.tlog
E:\CECI\Blackflame\Season Two\Games\Cupcake\Cupcake\Debug\link.5732-cvtres.read.1.tlog
E:\CECI\Blackflame\Season Two\Games\Cupcake\Cupcake\Debug\link.5732-cvtres.write.1.tlog
E:\CECI\Blackflame\Season Two\Games\Cupcake\Cupcake\Debug\link.5776.read.1.tlog
E:\CECI\Blackflame\Season Two\Games\Cupcake\Cupcake\Debug\link.5776.write.1.tlog
E:\CECI\Blackflame\Season Two\Games\Cupcake\Cupcake\Debug\link.5776-cvtres.read.1.tlog
E:\CECI\Blackflame\Season Two\Games\Cupcake\Cupcake\Debug\link.5776-cvtres.write.1.tlog
E:\CECI\Blackflame\Season Two\Games\Cupcake\Cupcake\Debug\link.5796.read.1.tlog
E:\CECI\Blackflame\Season Two\Games\Cupcake\Cupcake\Debug\link.5796.write.1.tlog
E:\CECI\Blackflame\Season Two\Games\Cupcake\Cupcake\Debug\link.5796-cvtres.read.1.tlog
E:\CECI\Blackflame\Season Two\Games\Cupcake\Cupcake\Debug\link.5796-cvtres.write.1.tlog
E:\CECI\Blackflame\Season Two\Games\Cupcake\Cupcake\Debug\link.5816.read.1.tlog
E:\CECI\Blackflame\Season Two\Games\Cupcake\Cupcake\Debug\link.5816.write.1.tlog
E:\CECI\Blackflame\Season Two\Games\Cupcake\Cupcake\Debug\link.5816-cvtres.read.1.tlog
E:\CECI\Blackflame\Season Two\Games\Cupcake\Cupcake\Debug\link.5816-cvtres.write.1.tlog
E:\CECI\Blackflame\Season Two\Games\Cupcake\Cupcake\Debug\link.5840.read.1.tlog
E:\CECI\Blackflame\Season Two\Games\Cupcake\Cupcake\Debug\link.5840.write.1.tlog
E:\CECI\Blackflame\Season Two\Games\Cupcake\Cupcake\Debug\link.5840-cvtres.read.1.tlog
E:\CECI\Blackflame\Season Two\Games\Cupcake\Cupcake\Debug\link.5840-cvtres.write.1.tlog
E:\CECI\Blackflame\Season Two\Games\Cupcake\Cupcake\Debug\link.5976.read.1.tlog
E:\CECI\Blackflame\Season Two\Games\Cupcake\Cupcake\Debug\link.5976.write.1.tlog
E:\CECI\Blackflame\Season Two\Games\Cupcake\Cupcake\Debug\link.5976-cvtres.read.1.tlog
E:\CECI\Blackflame\Season Two\Games\Cupcake\Cupcake\Debug\link.5976-cvtres.write.1.tlog
E:\CECI\Blackflame\Season Two\Games\Cupcake\Cupcake\Debug\link.6244.read.1.tlog
E:\CECI\Blackflame\Season Two\Games\Cupcake\Cupcake\Debug\link.6244.write.1.tlog
E:\CECI\Blackflame\Season Two\Games\Cupcake\Cupcake\Debug\link.6244-cvtres.read.1.tlog
E:\CECI\Blackflame\Season Two\Games\Cupcake\Cupcake\Debug\link.6244-cvtres.write.1.tlog
E:\CECI\Blackflame\Season Two\Games\Cupcake\Cupcake\Debug\link.6264.read.1.tlog
E:\CECI\Blackflame\Season Two\Games\Cupcake\Cupcake\Debug\link.6264.write.1.tlog
E:\CECI\Blackflame\Season Two\Games\Cupcake\Cupcake\Debug\link.6264-cvtres.read.1.tlog
E:\CECI\Blackflame\Season Two\Games\Cupcake\Cupcake\Debug\link.6264-cvtres.write.1.tlog
E:\CECI\Blackflame\Season Two\Games\Cupcake\Cupcake\Debug\link.6328.read.1.tlog
E:\CECI\Blackflame\Season Two\Games\Cupcake\Cupcake\Debug\link.6328.write.1.tlog
E:\CECI\Blackflame\Season Two\Games\Cupcake\Cupcake\Debug\link.6328-cvtres.read.1.tlog
E:\CECI\Blackflame\Season Two\Games\Cupcake\Cupcake\Debug\link.6328-cvtres.write.1.tlog
E:\CECI\Blackflame\Season Two\Games\Cupcake\Cupcake\Debug\link.6412.read.1.tlog
E:\CECI\Blackflame\Season Two\Games\Cupcake\Cupcake\Debug\link.6412.write.1.tlog
E:\CECI\Blackflame\Season Two\Games\Cupcake\Cupcake\Debug\link.6412-cvtres.read.1.tlog
E:\CECI\Blackflame\Season Two\Games\Cupcake\Cupcake\Debug\link.6412-cvtres.write.1.tlog
E:\CECI\Blackflame\Season Two\Games\Cupcake\Cupcake\Debug\link.6480.read.1.tlog
E:\CECI\Blackflame\Season Two\Games\Cupcake\Cupcake\Debug\link.6480.write.1.tlog
E:\CECI\Blackflame\Season Two\Games\Cupcake\Cupcake\Debug\link.6480-cvtres.read.1.tlog
E:\CECI\Blackflame\Season Two\Games\Cupcake\Cupcake\Debug\link.6480-cvtres.write.1.tlog
E:\CECI\Blackflame\Season Two\Games\Cupcake\Cupcake\Debug\link.6500.read.1.tlog
E:\CECI\Blackflame\Season Two\Games\Cupcake\Cupcake\Debug\link.6500.write.1.tlog
E:\CECI\Blackflame\Season Two\Games\Cupcake\Cupcake\Debug\link.6500-cvtres.read.1.tlog
E:\CECI\Blackflame\Season Two\Games\Cupcake\Cupcake\Debug\link.6500-cvtres.write.1.tlog
E:\CECI\Blackflame\Season Two\Games\Cupcake\Cupcake\Debug\link.6600.read.1.tlog
E:\CECI\Blackflame\Season Two\Games\Cupcake\Cupcake\Debug\link.6600.write.1.tlog
E:\CECI\Blackflame\Season Two\Games\Cupcake\Cupcake\Debug\link.6600-cvtres.read.1.tlog
E:\CECI\Blackflame\Season Two\Games\Cupcake\Cupcake\Debug\link.6600-cvtres.write.1.tlog
E:\CECI\Blackflame\Season Two\Games\Cupcake\Cupcake\Debug\link.6708.read.1.tlog
E:\CECI\Blackflame\Season Two\Games\Cupcake\Cupcake\Debug\link.6708.write.1.tlog
E:\CECI\Blackflame\Season Two\Games\Cupcake\Cupcake\Debug\link.6708-cvtres.read.1.tlog
E:\CECI\Blackflame\Season Two\Games\Cupcake\Cupcake\Debug\link.6708-cvtres.write.1.tlog
E:\CECI\Blackflame\Season Two\Games\Cupcake\Cupcake\Debug\link.6736.read.1.tlog
E:\CECI\Blackflame\Season Two\Games\Cupcake\Cupcake\Debug\link.6736.write.1.tlog
E:\CECI\Blackflame\Season Two\Games\Cupcake\Cupcake\Debug\link.6736-cvtres.read.1.tlog
E:\CECI\Blackflame\Season Two\Games\Cupcake\Cupcake\Debug\link.6736-cvtres.write.1.tlog
E:\CECI\Blackflame\Season Two\Games\Cupcake\Cupcake\Debug\link.6792.read.1.tlog
E:\CECI\Blackflame\Season Two\Games\Cupcake\Cupcake\Debug\link.6792.write.1.tlog
E:\CECI\Blackflame\Season Two\Games\Cupcake\Cupcake\Debug\link.6792-cvtres.read.1.tlog
E:\CECI\Blackflame\Season Two\Games\Cupcake\Cupcake\Debug\link.6792-cvtres.write.1.tlog
E:\CECI\Blackflame\Season Two\Games\Cupcake\Cupcake\Debug\link.6800.read.1.tlog
E:\CECI\Blackflame\Season Two\Games\Cupcake\Cupcake\Debug\link.6800.write.1.tlog
E:\CECI\Blackflame\Season Two\Games\Cupcake\Cupcake\Debug\link.6800-cvtres.read.1.tlog
E:\CECI\Blackflame\Season Two\Games\Cupcake\Cupcake\Debug\link.6800-cvtres.write.1.tlog
E:\CECI\Blackflame\Season Two\Games\Cupcake\Cupcake\Debug\link.6820.read.1.tlog
E:\CECI\Blackflame\Season Two\Games\Cupcake\Cupcake\Debug\link.6820.write.1.tlog
E:\CECI\Blackflame\Season Two\Games\Cupcake\Cupcake\Debug\link.6820-cvtres.read.1.tlog
E:\CECI\Blackflame\Season Two\Games\Cupcake\Cupcake\Debug\link.6820-cvtres.write.1.tlog
E:\CECI\Blackflame\Season Two\Games\Cupcake\Cupcake\Debug\link.6840.read.1.tlog
E:\CECI\Blackflame\Season Two\Games\Cupcake\Cupcake\Debug\link.6840.write.1.tlog
E:\CECI\Blackflame\Season Two\Games\Cupcake\Cupcake\Debug\link.6840-cvtres.read.1.tlog
E:\CECI\Blackflame\Season Two\Games\Cupcake\Cupcake\Debug\link.6840-cvtres.write.1.tlog
E:\CECI\Blackflame\Season Two\Games\Cupcake\Cupcake\Debug\link.6892.read.1.tlog
E:\CECI\Blackflame\Season Two\Games\Cupcake\Cupcake\Debug\link.6892.write.1.tlog
E:\CECI\Blackflame\Season Two\Games\Cupcake\Cupcake\Debug\link.6892-cvtres.read.1.tlog
E:\CECI\Blackflame\Season Two\Games\Cupcake\Cupcake\Debug\link.6892-cvtres.write.1.tlog
E:\CECI\Blackflame\Season Two\Games\Cupcake\Cupcake\Debug\link.7040.read.1.tlog
E:\CECI\Blackflame\Season Two\Games\Cupcake\Cupcake\Debug\link.7040.write.1.tlog
E:\CECI\Blackflame\Season Two\Games\Cupcake\Cupcake\Debug\link.7040-cvtres.read.1.tlog
E:\CECI\Blackflame\Season Two\Games\Cupcake\Cupcake\Debug\link.7040-cvtres.write.1.tlog
E:\CECI\Blackflame\Season Two\Games\Cupcake\Cupcake\Debug\link.7064.read.1.tlog
E:\CECI\Blackflame\Season Two\Games\Cupcake\Cupcake\Debug\link.7064.write.1.tlog
E:\CECI\Blackflame\Season Two\Games\Cupcake\Cupcake\Debug\link.7064-cvtres.read.1.tlog
E:\CECI\Blackflame\Season Two\Games\Cupcake\Cupcake\Debug\link.7064-cvtres.write.1.tlog
E:\CECI\Blackflame\Season Two\Games\Cupcake\Cupcake\Debug\link.7080.read.1.tlog
E:\CECI\Blackflame\Season Two\Games\Cupcake\Cupcake\Debug\link.7080.write.1.tlog
E:\CECI\Blackflame\Season Two\Games\Cupcake\Cupcake\Debug\link.7080-cvtres.read.1.tlog
E:\CECI\Blackflame\Season Two\Games\Cupcake\Cupcake\Debug\link.7080-cvtres.write.1.tlog
E:\CECI\Blackflame\Season Two\Games\Cupcake\Cupcake\Debug\link.7192.read.1.tlog
E:\CECI\Blackflame\Season Two\Games\Cupcake\Cupcake\Debug\link.7192.write.1.tlog
E:\CECI\Blackflame\Season Two\Games\Cupcake\Cupcake\Debug\link.7192-cvtres.read.1.tlog
E:\CECI\Blackflame\Season Two\Games\Cupcake\Cupcake\Debug\link.7192-cvtres.write.1.tlog
E:\CECI\Blackflame\Season Two\Games\Cupcake\Cupcake\Debug\link.7208.read.1.tlog
E:\CECI\Blackflame\Season Two\Games\Cupcake\Cupcake\Debug\link.7208.write.1.tlog
E:\CECI\Blackflame\Season Two\Games\Cupcake\Cupcake\Debug\link.7208-cvtres.read.1.tlog
E:\CECI\Blackflame\Season Two\Games\Cupcake\Cupcake\Debug\link.7208-cvtres.write.1.tlog
E:\CECI\Blackflame\Season Two\Games\Cupcake\Cupcake\Debug\link.7276.read.1.tlog
E:\CECI\Blackflame\Season Two\Games\Cupcake\Cupcake\Debug\link.7276.write.1.tlog
E:\CECI\Blackflame\Season Two\Games\Cupcake\Cupcake\Debug\link.7276-cvtres.read.1.tlog
E:\CECI\Blackflame\Season Two\Games\Cupcake\Cupcake\Debug\link.7276-cvtres.write.1.tlog
E:\CECI\Blackflame\Season Two\Games\Cupcake\Cupcake\Debug\link.7284.read.1.tlog
E:\CECI\Blackflame\Season Two\Games\Cupcake\Cupcake\Debug\link.7284.write.1.tlog
E:\CECI\Blackflame\Season Two\Games\Cupcake\Cupcake\Debug\link.7284-cvtres.read.1.tlog
E:\CECI\Blackflame\Season Two\Games\Cupcake\Cupcake\Debug\link.7284-cvtres.write.1.tlog
E:\CECI\Blackflame\Season Two\Games\Cupcake\Cupcake\Debug\link.7292.read.1.tlog
E:\CECI\Blackflame\Season Two\Games\Cupcake\Cupcake\Debug\link.7292.write.1.tlog
E:\CECI\Blackflame\Season Two\Games\Cupcake\Cupcake\Debug\link.7292-cvtres.read.1.tlog
E:\CECI\Blackflame\Season Two\Games\Cupcake\Cupcake\Debug\link.7292-cvtres.write.1.tlog
E:\CECI\Blackflame\Season Two\Games\Cupcake\Cupcake\Debug\link.7308.read.1.tlog
E:\CECI\Blackflame\Season Two\Games\Cupcake\Cupcake\Debug\link.7308.write.1.tlog
E:\CECI\Blackflame\Season Two\Games\Cupcake\Cupcake\Debug\link.7308-cvtres.read.1.tlog
E:\CECI\Blackflame\Season Two\Games\Cupcake\Cupcake\Debug\link.7308-cvtres.write.1.tlog
E:\CECI\Blackflame\Season Two\Games\Cupcake\Cupcake\Debug\link.7324.read.1.tlog
E:\CECI\Blackflame\Season Two\Games\Cupcake\Cupcake\Debug\link.7324.write.1.tlog
E:\CECI\Blackflame\Season Two\Games\Cupcake\Cupcake\Debug\link.7324-cvtres.read.1.tlog
E:\CECI\Blackflame\Season Two\Games\Cupcake\Cupcake\Debug\link.7324-cvtres.write.1.tlog
E:\CECI\Blackflame\Season Two\Games\Cupcake\Cupcake\Debug\link.7332.read.1.tlog
E:\CECI\Blackflame\Season Two\Games\Cupcake\Cupcake\Debug\link.7332.write.1.tlog
E:\CECI\Blackflame\Season Two\Games\Cupcake\Cupcake\Debug\link.7332-cvtres.read.1.tlog
E:\CECI\Blackflame\Season Two\Games\Cupcake\Cupcake\Debug\link.7332-cvtres.write.1.tlog
E:\CECI\Blackflame\Season Two\Games\Cupcake\Cupcake\Debug\link.7336.read.1.tlog
E:\CECI\Blackflame\Season Two\Games\Cupcake\Cupcake\Debug\link.7336.write.1.tlog
E:\CECI\Blackflame\Season Two\Games\Cupcake\Cupcake\Debug\link.7336-cvtres.read.1.tlog
E:\CECI\Blackflame\Season Two\Games\Cupcake\Cupcake\Debug\link.7336-cvtres.write.1.tlog
E:\CECI\Blackflame\Season Two\Games\Cupcake\Cupcake\Debug\link.7344.read.1.tlog
E:\CECI\Blackflame\Season Two\Games\Cupcake\Cupcake\Debug\link.7344.write.1.tlog
E:\CECI\Blackflame\Season Two\Games\Cupcake\Cupcake\Debug\link.7344-cvtres.read.1.tlog
E:\CECI\Blackflame\Season Two\Games\Cupcake\Cupcake\Debug\link.7344-cvtres.write.1.tlog
E:\CECI\Blackflame\Season Two\Games\Cupcake\Cupcake\Debug\link.7356.read.1.tlog
E:\CECI\Blackflame\Season Two\Games\Cupcake\Cupcake\Debug\link.7356.write.1.tlog
E:\CECI\Blackflame\Season Two\Games\Cupcake\Cupcake\Debug\link.7356-cvtres.read.1.tlog
E:\CECI\Blackflame\Season Two\Games\Cupcake\Cupcake\Debug\link.7356-cvtres.write.1.tlog
E:\CECI\Blackflame\Season Two\Games\Cupcake\Cupcake\Debug\link.7444.read.1.tlog
E:\CECI\Blackflame\Season Two\Games\Cupcake\Cupcake\Debug\link.7444.write.1.tlog
E:\CECI\Blackflame\Season Two\Games\Cupcake\Cupcake\Debug\link.7444-cvtres.read.1.tlog
E:\CECI\Blackflame\Season Two\Games\Cupcake\Cupcake\Debug\link.7444-cvtres.write.1.tlog
E:\CECI\Blackflame\Season Two\Games\Cupcake\Cupcake\Debug\link.7492.read.1.tlog
E:\CECI\Blackflame\Season Two\Games\Cupcake\Cupcake\Debug\link.7492.write.1.tlog
E:\CECI\Blackflame\Season Two\Games\Cupcake\Cupcake\Debug\link.7492-cvtres.read.1.tlog
E:\CECI\Blackflame\Season Two\Games\Cupcake\Cupcake\Debug\link.7492-cvtres.write.1.tlog
E:\CECI\Blackflame\Season Two\Games\Cupcake\Cupcake\Debug\link.7528.read.1.tlog
E:\CECI\Blackflame\Season Two\Games\Cupcake\Cupcake\Debug\link.7528.write.1.tlog
E:\CECI\Blackflame\Season Two\Games\Cupcake\Cupcake\Debug\link.7528-cvtres.read.1.tlog
E:\CECI\Blackflame\Season Two\Games\Cupcake\Cupcake\Debug\link.7528-cvtres.write.1.tlog
E:\CECI\Blackflame\Season Two\Games\Cupcake\Cupcake\Debug\link.7536.read.1.tlog
E:\CECI\Blackflame\Season Two\Games\Cupcake\Cupcake\Debug\link.7536.write.1.tlog
E:\CECI\Blackflame\Season Two\Games\Cupcake\Cupcake\Debug\link.7536-cvtres.read.1.tlog
E:\CECI\Blackflame\Season Two\Games\Cupcake\Cupcake\Debug\link.7536-cvtres.write.1.tlog
E:\CECI\Blackflame\Season Two\Games\Cupcake\Cupcake\Debug\link.7596.read.1.tlog
E:\CECI\Blackflame\Season Two\Games\Cupcake\Cupcake\Debug\link.7596.write.1.tlog
E:\CECI\Blackflame\Season Two\Games\Cupcake\Cupcake\Debug\link.7596-cvtres.read.1.tlog
E:\CECI\Blackflame\Season Two\Games\Cupcake\Cupcake\Debug\link.7596-cvtres.write.1.tlog
E:\CECI\Blackflame\Season Two\Games\Cupcake\Cupcake\Debug\link.7692.read.1.tlog
E:\CECI\Blackflame\Season Two\Games\Cupcake\Cupcake\Debug\link.7692.write.1.tlog
E:\CECI\Blackflame\Season Two\Games\Cupcake\Cupcake\Debug\link.7692-cvtres.read.1.tlog
E:\CECI\Blackflame\Season Two\Games\Cupcake\Cupcake\Debug\link.7692-cvtres.write.1.tlog
E:\CECI\Blackflame\Season Two\Games\Cupcake\Cupcake\Debug\link.7760.read.1.tlog
E:\CECI\Blackflame\Season Two\Games\Cupcake\Cupcake\Debug\link.7760.write.1.tlog
E:\CECI\Blackflame\Season Two\Games\Cupcake\Cupcake\Debug\link.7760-cvtres.read.1.tlog
E:\CECI\Blackflame\Season Two\Games\Cupcake\Cupcake\Debug\link.7760-cvtres.write.1.tlog
E:\CECI\Blackflame\Season Two\Games\Cupcake\Cupcake\Debug\link.7764.read.1.tlog
E:\CECI\Blackflame\Season Two\Games\Cupcake\Cupcake\Debug\link.7764.write.1.tlog
E:\CECI\Blackflame\Season Two\Games\Cupcake\Cupcake\Debug\link.7764-cvtres.read.1.tlog
E:\CECI\Blackflame\Season Two\Games\Cupcake\Cupcake\Debug\link.7764-cvtres.write.1.tlog
E:\CECI\Blackflame\Season Two\Games\Cupcake\Cupcake\Debug\link.7776.read.1.tlog
E:\CECI\Blackflame\Season Two\Games\Cupcake\Cupcake\Debug\link.7776.write.1.tlog
E:\CECI\Blackflame\Season Two\Games\Cupcake\Cupcake\Debug\link.7776-cvtres.read.1.tlog
E:\CECI\Blackflame\Season Two\Games\Cupcake\Cupcake\Debug\link.7776-cvtres.write.1.tlog
E:\CECI\Blackflame\Season Two\Games\Cupcake\Cupcake\Debug\link.7792.read.1.tlog
E:\CECI\Blackflame\Season Two\Games\Cupcake\Cupcake\Debug\link.7792.write.1.tlog
E:\CECI\Blackflame\Season Two\Games\Cupcake\Cupcake\Debug\link.7792-cvtres.read.1.tlog
E:\CECI\Blackflame\Season Two\Games\Cupcake\Cupcake\Debug\link.7792-cvtres.write.1.tlog
E:\CECI\Blackflame\Season Two\Games\Cupcake\Cupcake\Debug\link.7796.read.1.tlog
E:\CECI\Blackflame\Season Two\Games\Cupcake\Cupcake\Debug\link.7796.write.1.tlog
E:\CECI\Blackflame\Season Two\Games\Cupcake\Cupcake\Debug\link.7796-cvtres.read.1.tlog
E:\CECI\Blackflame\Season Two\Games\Cupcake\Cupcake\Debug\link.7796-cvtres.write.1.tlog
E:\CECI\Blackflame\Season Two\Games\Cupcake\Cupcake\Debug\link.7804.read.1.tlog
E:\CECI\Blackflame\Season Two\Games\Cupcake\Cupcake\Debug\link.7804.write.1.tlog
E:\CECI\Blackflame\Season Two\Games\Cupcake\Cupcake\Debug\link.7804-cvtres.read.1.tlog
E:\CECI\Blackflame\Season Two\Games\Cupcake\Cupcake\Debug\link.7804-cvtres.write.1.tlog
E:\CECI\Blackflame\Season Two\Games\Cupcake\Cupcake\Debug\link.7880.read.1.tlog
E:\CECI\Blackflame\Season Two\Games\Cupcake\Cupcake\Debug\link.7880.write.1.tlog
E:\CECI\Blackflame\Season Two\Games\Cupcake\Cupcake\Debug\link.7880-cvtres.read.1.tlog
E:\CECI\Blackflame\Season Two\Games\Cupcake\Cupcake\Debug\link.7880-cvtres.write.1.tlog
E:\CECI\Blackflame\Season Two\Games\Cupcake\Cupcake\Debug\link.7884.read.1.tlog
E:\CECI\Blackflame\Season Two\Games\Cupcake\Cupcake\Debug\link.7884.write.1.tlog
E:\CECI\Blackflame\Season Two\Games\Cupcake\Cupcake\Debug\link.7884-cvtres.read.1.tlog
E:\CECI\Blackflame\Season Two\Games\Cupcake\Cupcake\Debug\link.7884-cvtres.write.1.tlog
E:\CECI\Blackflame\Season Two\Games\Cupcake\Cupcake\Debug\link.7916.read.1.tlog
E:\CECI\Blackflame\Season Two\Games\Cupcake\Cupcake\Debug\link.7916.write.1.tlog
E:\CECI\Blackflame\Season Two\Games\Cupcake\Cupcake\Debug\link.7916-cvtres.read.1.tlog
E:\CECI\Blackflame\Season Two\Games\Cupcake\Cupcake\Debug\link.7916-cvtres.write.1.tlog
E:\CECI\Blackflame\Season Two\Games\Cupcake\Cupcake\Debug\link.7976.read.1.tlog
E:\CECI\Blackflame\Season Two\Games\Cupcake\Cupcake\Debug\link.7976.write.1.tlog
E:\CECI\Blackflame\Season Two\Games\Cupcake\Cupcake\Debug\link.7976-cvtres.read.1.tlog
E:\CECI\Blackflame\Season Two\Games\Cupcake\Cupcake\Debug\link.7976-cvtres.write.1.tlog
E:\CECI\Blackflame\Season Two\Games\Cupcake\Cupcake\Debug\link.7980.read.1.tlog
E:\CECI\Blackflame\Season Two\Games\Cupcake\Cupcake\Debug\link.7980.write.1.tlog
E:\CECI\Blackflame\Season Two\Games\Cupcake\Cupcake\Debug\link.7980-cvtres.read.1.tlog
E:\CECI\Blackflame\Season Two\Games\Cupcake\Cupcake\Debug\link.7980-cvtres.write.1.tlog
E:\CECI\Blackflame\Season Two\Games\Cupcake\Cupcake\Debug\link.7992.read.1.tlog
E:\CECI\Blackflame\Season Two\Games\Cupcake\Cupcake\Debug\link.7992.write.1.tlog
E:\CECI\Blackflame\Season Two\Games\Cupcake\Cupcake\Debug\link.7992-cvtres.read.1.tlog
E:\CECI\Blackflame\Season Two\Games\Cupcake\Cupcake\Debug\link.7992-cvtres.write.1.tlog
E:\CECI\Blackflame\Season Two\Games\Cupcake\Cupcake\Debug\link.8000.read.1.tlog
E:\CECI\Blackflame\Season Two\Games\Cupcake\Cupcake\Debug\link.8000.write.1.tlog
E:\CECI\Blackflame\Season Two\Games\Cupcake\Cupcake\Debug\link.8000-cvtres.read.1.tlog
E:\CECI\Blackflame\Season Two\Games\Cupcake\Cupcake\Debug\link.8000-cvtres.write.1.tlog
E:\CECI\Blackflame\Season Two\Games\Cupcake\Cupcake\Debug\link.8024.read.1.tlog
E:\CECI\Blackflame\Season Two\Games\Cupcake\Cupcake\Debug\link.8024.write.1.tlog
E:\CECI\Blackflame\Season Two\Games\Cupcake\Cupcake\Debug\link.8024-cvtres.read.1.tlog
E:\CECI\Blackflame\Season Two\Games\Cupcake\Cupcake\Debug\link.8024-cvtres.write.1.tlog
E:\CECI\Blackflame\Season Two\Games\Cupcake\Cupcake\Debug\link.8040.read.1.tlog
E:\CECI\Blackflame\Season Two\Games\Cupcake\Cupcake\Debug\link.8040.write.1.tlog
E:\CECI\Blackflame\Season Two\Games\Cupcake\Cupcake\Debug\link.8040-cvtres.read.1.tlog
E:\CECI\Blackflame\Season Two\Games\Cupcake\Cupcake\Debug\link.8040-cvtres.write.1.tlog
E:\CECI\Blackflame\Season Two\Games\Cupcake\Cupcake\Debug\link.8044.read.1.tlog
E:\CECI\Blackflame\Season Two\Games\Cupcake\Cupcake\Debug\link.8044.write.1.tlog
E:\CECI\Blackflame\Season Two\Games\Cupcake\Cupcake\Debug\link.8044-cvtres.read.1.tlog
E:\CECI\Blackflame\Season Two\Games\Cupcake\Cupcake\Debug\link.8044-cvtres.write.1.tlog
E:\CECI\Blackflame\Season Two\Games\Cupcake\Cupcake\Debug\link.8048.read.1.tlog
E:\CECI\Blackflame\Season Two\Games\Cupcake\Cupcake\Debug\link.8048.write.1.tlog
E:\CECI\Blackflame\Season Two\Games\Cupcake\Cupcake\Debug\link.8048-cvtres.read.1.tlog
E:\CECI\Blackflame\Season Two\Games\Cupcake\Cupcake\Debug\link.8048-cvtres.write.1.tlog
E:\CECI\Blackflame\Season Two\Games\Cupcake\Cupcake\Debug\link.8052.read.1.tlog
E:\CECI\Blackflame\Season Two\Games\Cupcake\Cupcake\Debug\link.8052.write.1.tlog
E:\CECI\Blackflame\Season Two\Games\Cupcake\Cupcake\Debug\link.8052-cvtres.read.1.tlog
E:\CECI\Blackflame\Season Two\Games\Cupcake\Cupcake\Debug\link.8052-cvtres.write.1.tlog
E:\CECI\Blackflame\Season Two\Games\Cupcake\Cupcake\Debug\link.8072.read.1.tlog
E:\CECI\Blackflame\Season Two\Games\Cupcake\Cupcake\Debug\link.8072.write.1.tlog
E:\CECI\Blackflame\Season Two\Games\Cupcake\Cupcake\Debug\link.8072-cvtres.read.1.tlog
E:\CECI\Blackflame\Season Two\Games\Cupcake\Cupcake\Debug\link.8072-cvtres.write.1.tlog
E:\CECI\Blackflame\Season Two\Games\Cupcake\Cupcake\Debug\link.8084.read.1.tlog
E:\CECI\Blackflame\Season Two\Games\Cupcake\Cupcake\Debug\link.8084.write.1.tlog
E:\CECI\Blackflame\Season Two\Games\Cupcake\Cupcake\Debug\link.8084-cvtres.read.1.tlog
E:\CECI\Blackflame\Season Two\Games\Cupcake\Cupcake\Debug\link.8084-cvtres.write.1.tlog
E:\CECI\Blackflame\Season Two\Games\Cupcake\Cupcake\Debug\link.8096.read.1.tlog
E:\CECI\Blackflame\Season Two\Games\Cupcake\Cupcake\Debug\link.8096.write.1.tlog
E:\CECI\Blackflame\Season Two\Games\Cupcake\Cupcake\Debug\link.8096-cvtres.read.1.tlog
E:\CECI\Blackflame\Season Two\Games\Cupcake\Cupcake\Debug\link.8096-cvtres.write.1.tlog
E:\CECI\Blackflame\Season Two\Games\Cupcake\Cupcake\Debug\link.8196.read.1.tlog
E:\CECI\Blackflame\Season Two\Games\Cupcake\Cupcake\Debug\link.8196.write.1.tlog
E:\CECI\Blackflame\Season Two\Games\Cupcake\Cupcake\Debug\link.8196-cvtres.read.1.tlog
E:\CECI\Blackflame\Season Two\Games\Cupcake\Cupcake\Debug\link.8196-cvtres.write.1.tlog
E:\CECI\Blackflame\Season Two\Games\Cupcake\Cupcake\Debug\link.8228.read.1.tlog
E:\CECI\Blackflame\Season Two\Games\Cupcake\Cupcake\Debug\link.8228.write.1.tlog
E:\CECI\Blackflame\Season Two\Games\Cupcake\Cupcake\Debug\link.8228-cvtres.read.1.tlog
E:\CECI\Blackflame\Season Two\Games\Cupcake\Cupcake\Debug\link.8228-cvtres.write.1.tlog
E:\CECI\Blackflame\Season Two\Games\Cupcake\Cupcake\Debug\link.8296.read.1.tlog
E:\CECI\Blackflame\Season Two\Games\Cupcake\Cupcake\Debug\link.8296.write.1.tlog
E:\CECI\Blackflame\Season Two\Games\Cupcake\Cupcake\Debug\link.8296-cvtres.read.1.tlog
E:\CECI\Blackflame\Season Two\Games\Cupcake\Cupcake\Debug\link.8296-cvtres.write.1.tlog
E:\CECI\Blackflame\Season Two\Games\Cupcake\Cupcake\Debug\link.8300.read.1.tlog
E:\CECI\Blackflame\Season Two\Games\Cupcake\Cupcake\Debug\link.8300.write.1.tlog
E:\CECI\Blackflame\Season Two\Games\Cupcake\Cupcake\Debug\link.8300-cvtres.read.1.tlog
E:\CECI\Blackflame\Season Two\Games\Cupcake\Cupcake\Debug\link.8300-cvtres.write.1.tlog
E:\CECI\Blackflame\Season Two\Games\Cupcake\Cupcake\Debug\link.8324.read.1.tlog
E:\CECI\Blackflame\Season Two\Games\Cupcake\Cupcake\Debug\link.8324.write.1.tlog
E:\CECI\Blackflame\Season Two\Games\Cupcake\Cupcake\Debug\link.8324-cvtres.read.1.tlog
E:\CECI\Blackflame\Season Two\Games\Cupcake\Cupcake\Debug\link.8324-cvtres.write.1.tlog
E:\CECI\Blackflame\Season Two\Games\Cupcake\Cupcake\Debug\link.8336.read.1.tlog
E:\CECI\Blackflame\Season Two\Games\Cupcake\Cupcake\Debug\link.8336.write.1.tlog
E:\CECI\Blackflame\Season Two\Games\Cupcake\Cupcake\Debug\link.8336-cvtres.read.1.tlog
E:\CECI\Blackflame\Season Two\Games\Cupcake\Cupcake\Debug\link.8336-cvtres.write.1.tlog
E:\CECI\Blackflame\Season Two\Games\Cupcake\Cupcake\Debug\link.8348.read.1.tlog
E:\CECI\Blackflame\Season Two\Games\Cupcake\Cupcake\Debug\link.8348.write.1.tlog
E:\CECI\Blackflame\Season Two\Games\Cupcake\Cupcake\Debug\link.8348-cvtres.read.1.tlog
E:\CECI\Blackflame\Season Two\Games\Cupcake\Cupcake\Debug\link.8348-cvtres.write.1.tlog
E:\CECI\Blackflame\Season Two\Games\Cupcake\Cupcake\Debug\link.8396.read.1.tlog
E:\CECI\Blackflame\Season Two\Games\Cupcake\Cupcake\Debug\link.8396.write.1.tlog
E:\CECI\Blackflame\Season Two\Games\Cupcake\Cupcake\Debug\link.8396-cvtres.read.1.tlog
E:\CECI\Blackflame\Season Two\Games\Cupcake\Cupcake\Debug\link.8396-cvtres.write.1.tlog
E:\CECI\Blackflame\Season Two\Games\Cupcake\Cupcake\Debug\link.8404.read.1.tlog
E:\CECI\Blackflame\Season Two\Games\Cupcake\Cupcake\Debug\link.8404.write.1.tlog
E:\CECI\Blackflame\Season Two\Games\Cupcake\Cupcake\Debug\link.8404-cvtres.read.1.tlog
E:\CECI\Blackflame\Season Two\Games\Cupcake\Cupcake\Debug\link.8404-cvtres.write.1.tlog
E:\CECI\Blackflame\Season Two\Games\Cupcake\Cupcake\Debug\link.8428.read.1.tlog
E:\CECI\Blackflame\Season Two\Games\Cupcake\Cupcake\Debug\link.8428.write.1.tlog
E:\CECI\Blackflame\Season Two\Games\Cupcake\Cupcake\Debug\link.8428-cvtres.read.1.tlog
E:\CECI\Blackflame\Season Two\Games\Cupcake\Cupcake\Debug\link.8428-cvtres.write.1.tlog
E:\CECI\Blackflame\Season Two\Games\Cupcake\Cupcake\Debug\link.8432.read.1.tlog
E:\CECI\Blackflame\Season Two\Games\Cupcake\Cupcake\Debug\link.8432.write.1.tlog
E:\CECI\Blackflame\Season Two\Games\Cupcake\Cupcake\Debug\link.8432-cvtres.read.1.tlog
E:\CECI\Blackflame\Season Two\Games\Cupcake\Cupcake\Debug\link.8432-cvtres.write.1.tlog
E:\CECI\Blackflame\Season Two\Games\Cupcake\Cupcake\Debug\link.8488.read.1.tlog
E:\CECI\Blackflame\Season Two\Games\Cupcake\Cupcake\Debug\link.8488.write.1.tlog
E:\CECI\Blackflame\Season Two\Games\Cupcake\Cupcake\Debug\link.8488-cvtres.read.1.tlog
E:\CECI\Blackflame\Season Two\Games\Cupcake\Cupcake\Debug\link.8488-cvtres.write.1.tlog
E:\CECI\Blackflame\Season Two\Games\Cupcake\Cupcake\Debug\link.8500.read.1.tlog
E:\CECI\Blackflame\Season Two\Games\Cupcake\Cupcake\Debug\link.8500.write.1.tlog
E:\CECI\Blackflame\Season Two\Games\Cupcake\Cupcake\Debug\link.8500-cvtres.read.1.tlog
E:\CECI\Blackflame\Season Two\Games\Cupcake\Cupcake\Debug\link.8500-cvtres.write.1.tlog
E:\CECI\Blackflame\Season Two\Games\Cupcake\Cupcake\Debug\link.8528.read.1.tlog
E:\CECI\Blackflame\Season Two\Games\Cupcake\Cupcake\Debug\link.8528.write.1.tlog
E:\CECI\Blackflame\Season Two\Games\Cupcake\Cupcake\Debug\link.8528-cvtres.read.1.tlog
E:\CECI\Blackflame\Season Two\Games\Cupcake\Cupcake\Debug\link.8528-cvtres.write.1.tlog
E:\CECI\Blackflame\Season Two\Games\Cupcake\Cupcake\Debug\link.8588.read.1.tlog
E:\CECI\Blackflame\Season Two\Games\Cupcake\Cupcake\Debug\link.8588.write.1.tlog
E:\CECI\Blackflame\Season Two\Games\Cupcake\Cupcake\Debug\link.8588-cvtres.read.1.tlog
E:\CECI\Blackflame\Season Two\Games\Cupcake\Cupcake\Debug\link.8588-cvtres.write.1.tlog
E:\CECI\Blackflame\Season Two\Games\Cupcake\Cupcake\Debug\link.8596.read.1.tlog
E:\CECI\Blackflame\Season Two\Games\Cupcake\Cupcake\Debug\link.8596.write.1.tlog
E:\CECI\Blackflame\Season Two\Games\Cupcake\Cupcake\Debug\link.8596-cvtres.read.1.tlog
E:\CECI\Blackflame\Season Two\Games\Cupcake\Cupcake\Debug\link.8596-cvtres.write.1.tlog
E:\CECI\Blackflame\Season Two\Games\Cupcake\Cupcake\Debug\link.8616.read.1.tlog
E:\CECI\Blackflame\Season Two\Games\Cupcake\Cupcake\Debug\link.8616.write.1.tlog
E:\CECI\Blackflame\Season Two\Games\Cupcake\Cupcake\Debug\link.8616-cvtres.read.1.tlog
E:\CECI\Blackflame\Season Two\Games\Cupcake\Cupcake\Debug\link.8616-cvtres.write.1.tlog
E:\CECI\Blackflame\Season Two\Games\Cupcake\Cupcake\Debug\link.8620.read.1.tlog
E:\CECI\Blackflame\Season Two\Games\Cupcake\Cupcake\Debug\link.8620.write.1.tlog
E:\CECI\Blackflame\Season Two\Games\Cupcake\Cupcake\Debug\link.8620-cvtres.read.1.tlog
E:\CECI\Blackflame\Season Two\Games\Cupcake\Cupcake\Debug\link.8620-cvtres.write.1.tlog
E:\CECI\Blackflame\Season Two\Games\Cupcake\Cupcake\Debug\link.8636.read.1.tlog
E:\CECI\Blackflame\Season Two\Games\Cupcake\Cupcake\Debug\link.8636.write.1.tlog
E:\CECI\Blackflame\Season Two\Games\Cupcake\Cupcake\Debug\link.8636-cvtres.read.1.tlog
E:\CECI\Blackflame\Season Two\Games\Cupcake\Cupcake\Debug\link.8636-cvtres.write.1.tlog
E:\CECI\Blackflame\Season Two\Games\Cupcake\Cupcake\Debug\link.8692.read.1.tlog
E:\CECI\Blackflame\Season Two\Games\Cupcake\Cupcake\Debug\link.8692.write.1.tlog
E:\CECI\Blackflame\Season Two\Games\Cupcake\Cupcake\Debug\link.8692-cvtres.read.1.tlog
E:\CECI\Blackflame\Season Two\Games\Cupcake\Cupcake\Debug\link.8692-cvtres.write.1.tlog
E:\CECI\Blackflame\Season Two\Games\Cupcake\Cupcake\Debug\link.8716.read.1.tlog
E:\CECI\Blackflame\Season Two\Games\Cupcake\Cupcake\Debug\link.8716.write.1.tlog
E:\CECI\Blackflame\Season Two\Games\Cupcake\Cupcake\Debug\link.8716-cvtres.read.1.tlog
E:\CECI\Blackflame\Season Two\Games\Cupcake\Cupcake\Debug\link.8716-cvtres.write.1.tlog
E:\CECI\Blackflame\Season Two\Games\Cupcake\Cupcake\Debug\link.8720.read.1.tlog
E:\CECI\Blackflame\Season Two\Games\Cupcake\Cupcake\Debug\link.8720.write.1.tlog
E:\CECI\Blackflame\Season Two\Games\Cupcake\Cupcake\Debug\link.8720-cvtres.read.1.tlog
E:\CECI\Blackflame\Season Two\Games\Cupcake\Cupcake\Debug\link.8720-cvtres.write.1.tlog
E:\CECI\Blackflame\Season Two\Games\Cupcake\Cupcake\Debug\link.8740.read.1.tlog
E:\CECI\Blackflame\Season Two\Games\Cupcake\Cupcake\Debug\link.8740.write.1.tlog
E:\CECI\Blackflame\Season Two\Games\Cupcake\Cupcake\Debug\link.8740-cvtres.read.1.tlog
E:\CECI\Blackflame\Season Two\Games\Cupcake\Cupcake\Debug\link.8740-cvtres.write.1.tlog
E:\CECI\Blackflame\Season Two\Games\Cupcake\Cupcake\Debug\link.8748.read.1.tlog
E:\CECI\Blackflame\Season Two\Games\Cupcake\Cupcake\Debug\link.8748.write.1.tlog
E:\CECI\Blackflame\Season Two\Games\Cupcake\Cupcake\Debug\link.8748-cvtres.read.1.tlog
E:\CECI\Blackflame\Season Two\Games\Cupcake\Cupcake\Debug\link.8748-cvtres.write.1.tlog
E:\CECI\Blackflame\Season Two\Games\Cupcake\Cupcake\Debug\link.8776.read.1.tlog
E:\CECI\Blackflame\Season Two\Games\Cupcake\Cupcake\Debug\link.8776.write.1.tlog
E:\CECI\Blackflame\Season Two\Games\Cupcake\Cupcake\Debug\link.8776-cvtres.read.1.tlog
E:\CECI\Blackflame\Season Two\Games\Cupcake\Cupcake\Debug\link.8776-cvtres.write.1.tlog
E:\CECI\Blackflame\Season Two\Games\Cupcake\Cupcake\Debug\link.8808.read.1.tlog
E:\CECI\Blackflame\Season Two\Games\Cupcake\Cupcake\Debug\link.8808.write.1.tlog
E:\CECI\Blackflame\Season Two\Games\Cupcake\Cupcake\Debug\link.8808-cvtres.read.1.tlog
E:\CECI\Blackflame\Season Two\Games\Cupcake\Cupcake\Debug\link.8808-cvtres.write.1.tlog
E:\CECI\Blackflame\Season Two\Games\Cupcake\Cupcake\Debug\link.8868.read.1.tlog
E:\CECI\Blackflame\Season Two\Games\Cupcake\Cupcake\Debug\link.8868.write.1.tlog
E:\CECI\Blackflame\Season Two\Games\Cupcake\Cupcake\Debug\link.8868-cvtres.read.1.tlog
E:\CECI\Blackflame\Season Two\Games\Cupcake\Cupcake\Debug\link.8868-cvtres.write.1.tlog
E:\CECI\Blackflame\Season Two\Games\Cupcake\Cupcake\Debug\link.8952.read.1.tlog
E:\CECI\Blackflame\Season Two\Games\Cupcake\Cupcake\Debug\link.8952.write.1.tlog
E:\CECI\Blackflame\Season Two\Games\Cupcake\Cupcake\Debug\link.8952-cvtres.read.1.tlog
E:\CECI\Blackflame\Season Two\Games\Cupcake\Cupcake\Debug\link.8952-cvtres.write.1.tlog
E:\CECI\Blackflame\Season Two\Games\Cupcake\Cupcake\Debug\link.9020.read.1.tlog
E:\CECI\Blackflame\Season Two\Games\Cupcake\Cupcake\Debug\link.9020.write.1.tlog
E:\CECI\Blackflame\Season Two\Games\Cupcake\Cupcake\Debug\link.9020-cvtres.read.1.tlog
E:\CECI\Blackflame\Season Two\Games\Cupcake\Cupcake\Debug\link.9020-cvtres.write.1.tlog
E:\CECI\Blackflame\Season Two\Games\Cupcake\Cupcake\Debug\link.9084.read.1.tlog
E:\CECI\Blackflame\Season Two\Games\Cupcake\Cupcake\Debug\link.9084.write.1.tlog
E:\CECI\Blackflame\Season Two\Games\Cupcake\Cupcake\Debug\link.9084-cvtres.read.1.tlog
E:\CECI\Blackflame\Season Two\Games\Cupcake\Cupcake\Debug\link.9084-cvtres.write.1.tlog
E:\CECI\Blackflame\Season Two\Games\Cupcake\Cupcake\Debug\link.9120.read.1.tlog
E:\CECI\Blackflame\Season Two\Games\Cupcake\Cupcake\Debug\link.9120.write.1.tlog
E:\CECI\Blackflame\Season Two\Games\Cupcake\Cupcake\Debug\link.9120-cvtres.read.1.tlog
E:\CECI\Blackflame\Season Two\Games\Cupcake\Cupcake\Debug\link.9120-cvtres.write.1.tlog
E:\CECI\Blackflame\Season Two\Games\Cupcake\Cupcake\Debug\link.9148.read.1.tlog
E:\CECI\Blackflame\Season Two\Games\Cupcake\Cupcake\Debug\link.9148.write.1.tlog
E:\CECI\Blackflame\Season Two\Games\Cupcake\Cupcake\Debug\link.9148-cvtres.read.1.tlog
E:\CECI\Blackflame\Season Two\Games\Cupcake\Cupcake\Debug\link.9148-cvtres.write.1.tlog
E:\CECI\Blackflame\Season Two\Games\Cupcake\Cupcake\Debug\link.9152.read.1.tlog
E:\CECI\Blackflame\Season Two\Games\Cupcake\Cupcake\Debug\link.9152.write.1.tlog
E:\CECI\Blackflame\Season Two\Games\Cupcake\Cupcake\Debug\link.9152-cvtres.read.1.tlog
E:\CECI\Blackflame\Season Two\Games\Cupcake\Cupcake\Debug\link.9152-cvtres.write.1.tlog
E:\CECI\Blackflame\Season Two\Games\Cupcake\Cupcake\Debug\link.9208.read.1.tlog
E:\CECI\Blackflame\Season Two\Games\Cupcake\Cupcake\Debug\link.9208.write.1.tlog
E:\CECI\Blackflame\Season Two\Games\Cupcake\Cupcake\Debug\link.9208-cvtres.read.1.tlog
E:\CECI\Blackflame\Season Two\Games\Cupcake\Cupcake\Debug\link.9208-cvtres.write.1.tlog
E:\CECI\Blackflame\Season Two\Games\Cupcake\Cupcake\Debug\link.9228.read.1.tlog
E:\CECI\Blackflame\Season Two\Games\Cupcake\Cupcake\Debug\link.9228.write.1.tlog
E:\CECI\Blackflame\Season Two\Games\Cupcake\Cupcake\Debug\link.9228-cvtres.read.1.tlog
E:\CECI\Blackflame\Season Two\Games\Cupcake\Cupcake\Debug\link.9228-cvtres.write.1.tlog
E:\CECI\Blackflame\Season Two\Games\Cupcake\Cupcake\Debug\link.936.read.1.tlog
E:\CECI\Blackflame\Season Two\Games\Cupcake\Cupcake\Debug\link.936.write.1.tlog
E:\CECI\Blackflame\Season Two\Games\Cupcake\Cupcake\Debug\link.936-cvtres.read.1.tlog
E:\CECI\Blackflame\Season Two\Games\Cupcake\Cupcake\Debug\link.936-cvtres.write.1.tlog
E:\CECI\Blackflame\Season Two\Games\Cupcake\Cupcake\Debug\link.9388.read.1.tlog
E:\CECI\Blackflame\Season Two\Games\Cupcake\Cupcake\Debug\link.9388.write.1.tlog
E:\CECI\Blackflame\Season Two\Games\Cupcake\Cupcake\Debug\link.9388-cvtres.read.1.tlog
E:\CECI\Blackflame\Season Two\Games\Cupcake\Cupcake\Debug\link.9388-cvtres.write.1.tlog
E:\CECI\Blackflame\Season Two\Games\Cupcake\Cupcake\Debug\link.9460.read.1.tlog
E:\CECI\Blackflame\Season Two\Games\Cupcake\Cupcake\Debug\link.9460.write.1.tlog
E:\CECI\Blackflame\Season Two\Games\Cupcake\Cupcake\Debug\link.9460-cvtres.read.1.tlog
E:\CECI\Blackflame\Season Two\Games\Cupcake\Cupcake\Debug\link.9460-cvtres.write.1.tlog
E:\CECI\Blackflame\Season Two\Games\Cupcake\Cupcake\Debug\link.9496.read.1.tlog
E:\CECI\Blackflame\Season Two\Games\Cupcake\Cupcake\Debug\link.9496.write.1.tlog
E:\CECI\Blackflame\Season Two\Games\Cupcake\Cupcake\Debug\link.9496-cvtres.read.1.tlog
E:\CECI\Blackflame\Season Two\Games\Cupcake\Cupcake\Debug\link.9496-cvtres.write.1.tlog
E:\CECI\Blackflame\Season Two\Games\Cupcake\Cupcake\Debug\link.9500.read.1.tlog
E:\CECI\Blackflame\Season Two\Games\Cupcake\Cupcake\Debug\link.9500.write.1.tlog
E:\CECI\Blackflame\Season Two\Games\Cupcake\Cupcake\Debug\link.9500-cvtres.read.1.tlog
E:\CECI\Blackflame\Season Two\Games\Cupcake\Cupcake\Debug\link.9500-cvtres.write.1.tlog
E:\CECI\Blackflame\Season Two\Games\Cupcake\Cupcake\Debug\link.952.read.1.tlog
E:\CECI\Blackflame\Season Two\Games\Cupcake\Cupcake\Debug\link.952.write.1.tlog
E:\CECI\Blackflame\Season Two\Games\Cupcake\Cupcake\Debug\link.952-cvtres.read.1.tlog
E:\CECI\Blackflame\Season Two\Games\Cupcake\Cupcake\Debug\link.952-cvtres.write.1.tlog
E:\CECI\Blackflame\Season Two\Games\Cupcake\Cupcake\Debug\link.9560.read.1.tlog
E:\CECI\Blackflame\Season Two\Games\Cupcake\Cupcake\Debug\link.9560.write.1.tlog
E:\CECI\Blackflame\Season Two\Games\Cupcake\Cupcake\Debug\link.9560-cvtres.read.1.tlog
E:\CECI\Blackflame\Season Two\Games\Cupcake\Cupcake\Debug\link.9560-cvtres.write.1.tlog
E:\CECI\Blackflame\Season Two\Games\Cupcake\Cupcake\Debug\link.9572.read.1.tlog
E:\CECI\Blackflame\Season Two\Games\Cupcake\Cupcake\Debug\link.9572.write.1.tlog
E:\CECI\Blackflame\Season Two\Games\Cupcake\Cupcake\Debug\link.9572-cvtres.read.1.tlog
E:\CECI\Blackflame\Season Two\Games\Cupcake\Cupcake\Debug\link.9572-cvtres.write.1.tlog
E:\CECI\Blackflame\Season Two\Games\Cupcake\Cupcake\Debug\link.9616.read.1.tlog
E:\CECI\Blackflame\Season Two\Games\Cupcake\Cupcake\Debug\link.9616.write.1.tlog
E:\CECI\Blackflame\Season Two\Games\Cupcake\Cupcake\Debug\link.9616-cvtres.read.1.tlog
E:\CECI\Blackflame\Season Two\Games\Cupcake\Cupcake\Debug\link.9616-cvtres.write.1.tlog
E:\CECI\Blackflame\Season Two\Games\Cupcake\Cupcake\Debug\link.9636.read.1.tlog
E:\CECI\Blackflame\Season Two\Games\Cupcake\Cupcake\Debug\link.9636.write.1.tlog
E:\CECI\Blackflame\Season Two\Games\Cupcake\Cupcake\Debug\link.9636-cvtres.read.1.tlog
E:\CECI\Blackflame\Season Two\Games\Cupcake\Cupcake\Debug\link.9636-cvtres.write.1.tlog
E:\CECI\Blackflame\Season Two\Games\Cupcake\Cupcake\Debug\link.9672.read.1.tlog
E:\CECI\Blackflame\Season Two\Games\Cupcake\Cupcake\Debug\link.9672.write.1.tlog
E:\CECI\Blackflame\Season Two\Games\Cupcake\Cupcake\Debug\link.9672-cvtres.read.1.tlog
E:\CECI\Blackflame\Season Two\Games\Cupcake\Cupcake\Debug\link.9672-cvtres.write.1.tlog
E:\CECI\Blackflame\Season Two\Games\Cupcake\Cupcake\Debug\link.9684.read.1.tlog
E:\CECI\Blackflame\Season Two\Games\Cupcake\Cupcake\Debug\link.9684.write.1.tlog
E:\CECI\Blackflame\Season Two\Games\Cupcake\Cupcake\Debug\link.9684-cvtres.read.1.tlog
E:\CECI\Blackflame\Season Two\Games\Cupcake\Cupcake\Debug\link.9684-cvtres.write.1.tlog
E:\CECI\Blackflame\Season Two\Games\Cupcake\Cupcake\Debug\link.9696.read.1.tlog
E:\CECI\Blackflame\Season Two\Games\Cupcake\Cupcake\Debug\link.9696.write.1.tlog
E:\CECI\Blackflame\Season Two\Games\Cupcake\Cupcake\Debug\link.9696-cvtres.read.1.tlog
E:\CECI\Blackflame\Season Two\Games\Cupcake\Cupcake\Debug\link.9696-cvtres.write.1.tlog
E:\CECI\Blackflame\Season Two\Games\Cupcake\Cupcake\Debug\link.9708.read.1.tlog
E:\CECI\Blackflame\Season Two\Games\Cupcake\Cupcake\Debug\link.9708.write.1.tlog
E:\CECI\Blackflame\Season Two\Games\Cupcake\Cupcake\Debug\link.9708-cvtres.read.1.tlog
E:\CECI\Blackflame\Season Two\Games\Cupcake\Cupcake\Debug\link.9708-cvtres.write.1.tlog
E:\CECI\Blackflame\Season Two\Games\Cupcake\Cupcake\Debug\link.9732.read.1.tlog
E:\CECI\Blackflame\Season Two\Games\Cupcake\Cupcake\Debug\link.9732.write.1.tlog
E:\CECI\Blackflame\Season Two\Games\Cupcake\Cupcake\Debug\link.9732-cvtres.read.1.tlog
E:\CECI\Blackflame\Season Two\Games\Cupcake\Cupcake\Debug\link.9732-cvtres.write.1.tlog
E:\CECI\Blackflame\Season Two\Games\Cupcake\Cupcake\Debug\link.9740.read.1.tlog
E:\CECI\Blackflame\Season Two\Games\Cupcake\Cupcake\Debug\link.9740.write.1.tlog
E:\CECI\Blackflame\Season Two\Games\Cupcake\Cupcake\Debug\link.9740-cvtres.read.1.tlog
E:\CECI\Blackflame\Season Two\Games\Cupcake\Cupcake\Debug\link.9740-cvtres.write.1.tlog
E:\CECI\Blackflame\Season Two\Games\Cupcake\Cupcake\Debug\link.9748.read.1.tlog
E:\CECI\Blackflame\Season Two\Games\Cupcake\Cupcake\Debug\link.9748.write.1.tlog
E:\CECI\Blackflame\Season Two\Games\Cupcake\Cupcake\Debug\link.9748-cvtres.read.1.tlog
E:\CECI\Blackflame\Season Two\Games\Cupcake\Cupcake\Debug\link.9748-cvtres.write.1.tlog
E:\CECI\Blackflame\Season Two\Games\Cupcake\Cupcake\Debug\link.9772.read.1.tlog
E:\CECI\Blackflame\Season Two\Games\Cupcake\Cupcake\Debug\link.9772.write.1.tlog
E:\CECI\Blackflame\Season Two\Games\Cupcake\Cupcake\Debug\link.9772-cvtres.read.1.tlog
E:\CECI\Blackflame\Season Two\Games\Cupcake\Cupcake\Debug\link.9772-cvtres.write.1.tlog
E:\CECI\Blackflame\Season Two\Games\Cupcake\Cupcake\Debug\link.9820.read.1.tlog
E:\CECI\Blackflame\Season Two\Games\Cupcake\Cupcake\Debug\link.9820.write.1.tlog
E:\CECI\Blackflame\Season Two\Games\Cupcake\Cupcake\Debug\link.9820-cvtres.read.1.tlog
E:\CECI\Blackflame\Season Two\Games\Cupcake\Cupcake\Debug\link.9820-cvtres.write.1.tlog
E:\CECI\Blackflame\Season Two\Games\Cupcake\Cupcake\Debug\link.9828.read.1.tlog
E:\CECI\Blackflame\Season Two\Games\Cupcake\Cupcake\Debug\link.9828.write.1.tlog
E:\CECI\Blackflame\Season Two\Games\Cupcake\Cupcake\Debug\link.9828-cvtres.read.1.tlog
E:\CECI\Blackflame\Season Two\Games\Cupcake\Cupcake\Debug\link.9828-cvtres.write.1.tlog
E:\CECI\Blackflame\Season Two\Games\Cupcake\Cupcake\Debug\link.9980.read.1.tlog
E:\CECI\Blackflame\Season Two\Games\Cupcake\Cupcake\Debug\link.9980.write.1.tlog
E:\CECI\Blackflame\Season Two\Games\Cupcake\Cupcake\Debug\link.9980-cvtres.read.1.tlog
E:\CECI\Blackflame\Season Two\Games\Cupcake\Cupcake\Debug\link.9980-cvtres.write.1.tlog
E:\CECI\Blackflame\Season Two\Games\Cupcake\Cupcake\Debug\link.command.1.tlog
E:\CECI\Blackflame\Season Two\Games\Cupcake\Cupcake\Debug\link.read.1.tlog
E:\CECI\Blackflame\Season Two\Games\Cupcake\Cupcake\Debug\link.write.1.tlog
E:\CECI\Blackflame\Season Two\Games\Cupcake\Cupcake\Debug\link-cvtres.read.1.tlog
E:\CECI\Blackflame\Season Two\Games\Cupcake\Cupcake\Debug\link-cvtres.write.1.tlog
E:\CECI\BLACKFLAME\SEASON TWO\GAMES\CUPCAKE\CUPCAKE\DEBUG\MAIN.OBJ
E:\CECI\Blackflame\Season Two\Games\Cupcake\Cupcake\Debug\mt.command.1.tlog
E:\CECI\Blackflame\Season Two\Games\Cupcake\Cupcake\Debug\mt.read.1.tlog
E:\CECI\Blackflame\Season Two\Games\Cupcake\Cupcake\Debug\mt.write.1.tlog
E:\CECI\Blackflame\Season Two\Games\Cupcake\Cupcake\Debug\rc.command.1.tlog
E:\CECI\Blackflame\Season Two\Games\Cupcake\Cupcake\Debug\rc.read.1.tlog
E:\CECI\Blackflame\Season Two\Games\Cupcake\Cupcake\Debug\rc.write.1.tlog
E:\CECI\Blackflame\Season Two\Games\Cupcake\Cupcake\Debug\ResolveAssemblyReference.cache
E:\CECI\Blackflame\Season Two\Games\Cupcake\Cupcake\Debug\vc100.idb
E:\CECI\BLACKFLAME\SEASON TWO\GAMES\CUPCAKE\CUPCAKE\DEBUG\VC100.PDB
E:\CECI\BLACKFLAME\SEASON TWO\GAMES\CUPCAKE\DEBUG\CUPCAKE.EXE
E:\CECI\BLACKFLAME\SEASON TWO\GAMES\CUPCAKE\DEBUG\CUPCAKE.ILK
E:\CECI\BLACKFLAME\SEASON TWO\GAMES\CUPCAKE\DEBUG\CUPCAKE.PDB
