Build started 2.12.2012 г. 17:19:57 ч..
     1>Project "E:\CECI\Blackflame\Season Two\Games\Cupcake\Cloud\Cloud.vcxproj" on node 2 (rebuild target(s)).
     1>_PrepareForClean:
         Deleting file "Release\Cloud.lastbuildstate".
       InitializeBuildStatus:
         Creating "Release\Cloud.unsuccessfulbuild" because "AlwaysCreate" was specified.
       ClCompile:
         C:\Program Files (x86)\Microsoft Visual Studio 10.0\VC\bin\CL.exe /c /Zi /nologo /W3 /WX- /O2 /Oi /Oy- /GL /D WIN32 /D NDEBUG /D _LIB /D _UNICODE /D UNICODE /Gm- /EHsc /MD /GS /Gy /fp:precise /Zc:wchar_t /Zc:forScope /Yc"StdAfx.h" /Fp"Release\Cloud.pch" /Fo"Release\\" /Fd"Release\vc100.pdb" /Gd /TP /analyze- /errorReport:prompt stdafx.cpp
         stdafx.cpp
         C:\Program Files (x86)\Microsoft Visual Studio 10.0\VC\bin\CL.exe /c /Zi /nologo /W3 /WX- /O2 /Oi /Oy- /GL /D WIN32 /D NDEBUG /D _LIB /D _UNICODE /D UNICODE /Gm- /EHsc /MD /GS /Gy /fp:precise /Zc:wchar_t /Zc:forScope /Yu"StdAfx.h" /Fp"Release\Cloud.pch" /Fo"Release\\" /Fd"Release\vc100.pdb" /Gd /TP /analyze- /errorReport:prompt Cloud.cpp
         Cloud.cpp
       Lib:
         C:\Program Files (x86)\Microsoft Visual Studio 10.0\VC\bin\Lib.exe /OUT:"E:\CECI\Blackflame\Season Two\Games\Cupcake\Release\Cloud.lib" /NOLOGO /LTCG Release\Cloud.obj
         Release\stdafx.obj
         Cloud.vcxproj -> E:\CECI\Blackflame\Season Two\Games\Cupcake\Release\Cloud.lib
       FinalizeBuildStatus:
         Deleting file "Release\Cloud.unsuccessfulbuild".
         Touching "Release\Cloud.lastbuildstate".
     1>Done Building Project "E:\CECI\Blackflame\Season Two\Games\Cupcake\Cloud\Cloud.vcxproj" (rebuild target(s)).

Build succeeded.

Time Elapsed 00:00:01.45
