Build started 2.12.2012 г. 16:41:30 ч..
     1>Project "E:\CECI\Blackflame\Season Two\Games\Cupcake\FatMeterArrow\FatMeterArrow.vcxproj" on node 3 (rebuild target(s)).
     1>_PrepareForClean:
         Deleting file "Debug\FatMeterArrow.lastbuildstate".
       InitializeBuildStatus:
         Creating "Debug\FatMeterArrow.unsuccessfulbuild" because "AlwaysCreate" was specified.
       ClCompile:
         C:\Program Files (x86)\Microsoft Visual Studio 10.0\VC\bin\CL.exe /c /ZI /nologo /W3 /WX- /Od /Oy- /D WIN32 /D _DEBUG /D _LIB /D _UNICODE /D UNICODE /Gm /EHsc /RTC1 /MDd /GS /fp:precise /Zc:wchar_t /Zc:forScope /Yc"StdAfx.h" /Fp"Debug\FatMeterArrow.pch" /Fo"Debug\\" /Fd"Debug\vc100.pdb" /Gd /TP /analyze- /errorReport:prompt stdafx.cpp
         stdafx.cpp
         C:\Program Files (x86)\Microsoft Visual Studio 10.0\VC\bin\CL.exe /c /ZI /nologo /W3 /WX- /Od /Oy- /D WIN32 /D _DEBUG /D _LIB /D _UNICODE /D UNICODE /Gm /EHsc /RTC1 /MDd /GS /fp:precise /Zc:wchar_t /Zc:forScope /Yu"StdAfx.h" /Fp"Debug\FatMeterArrow.pch" /Fo"Debug\\" /Fd"Debug\vc100.pdb" /Gd /TP /analyze- /errorReport:prompt FatMeterArrow.cpp
         FatMeterArrow.cpp
       Lib:
         C:\Program Files (x86)\Microsoft Visual Studio 10.0\VC\bin\Lib.exe /OUT:"E:\CECI\Blackflame\Season Two\Games\Cupcake\Debug\FatMeterArrow.lib" /NOLOGO Debug\FatMeterArrow.obj
         Debug\stdafx.obj
         FatMeterArrow.vcxproj -> E:\CECI\Blackflame\Season Two\Games\Cupcake\Debug\FatMeterArrow.lib
       FinalizeBuildStatus:
         Deleting file "Debug\FatMeterArrow.unsuccessfulbuild".
         Touching "Debug\FatMeterArrow.lastbuildstate".
     1>Done Building Project "E:\CECI\Blackflame\Season Two\Games\Cupcake\FatMeterArrow\FatMeterArrow.vcxproj" (rebuild target(s)).

Build succeeded.

Time Elapsed 00:00:01.02
